2025-09-15 17:43:51,796 - SystemMonitor - INFO - System Monitor initialized - Server port: 45678
2025-09-15 17:43:51,797 - SystemMonitor - INFO - Starting system monitoring
2025-09-15 17:53:33,192 - SystemMonitor - ERROR - Error checking system resources: argument 1 (impossible<bad format char>)
2025-09-15 18:00:40,718 - SystemMonitor - WARNING - Component server is no longer active
2025-09-15 18:00:44,842 - SystemMonitor - WARNING - Server health check failed: HTTPConnectionPool(host='localhost', port=45678): Max retries exceeded with url: /health (Caused by NewConnectionError('<urllib3.connection.HTTPConnection object at 0x0000023344D2C6B0>: Failed to establish a new connection: [WinError 10061] No connection could be made because the target machine actively refused it'))
2025-09-15 18:01:49,941 - SystemMonitor - WARNING - Server health check failed: HTTPConnectionPool(host='localhost', port=45678): Max retries exceeded with url: /health (Caused by NewConnectionError('<urllib3.connection.HTTPConnection object at 0x00000233447CFF00>: Failed to establish a new connection: [WinError 10061] No connection could be made because the target machine actively refused it'))
2025-09-15 18:01:49,945 - SystemMonitor - WARNING - server has failed 4 consecutive checks - attempting recovery
2025-09-15 18:01:49,945 - SystemMonitor - INFO - Attempting to restart server...
2025-09-15 18:01:49,949 - SystemMonitor - INFO - Successfully restarted server
2025-09-15 18:03:00,037 - SystemMonitor - WARNING - Server health check failed: HTTPConnectionPool(host='localhost', port=45678): Max retries exceeded with url: /health (Caused by NewConnectionError('<urllib3.connection.HTTPConnection object at 0x000002334496DD00>: Failed to establish a new connection: [WinError 10061] No connection could be made because the target machine actively refused it'))
2025-09-15 18:04:05,157 - SystemMonitor - WARNING - Server health check failed: HTTPConnectionPool(host='localhost', port=45678): Max retries exceeded with url: /health (Caused by NewConnectionError('<urllib3.connection.HTTPConnection object at 0x000002334496DD00>: Failed to establish a new connection: [WinError 10061] No connection could be made because the target machine actively refused it'))
2025-09-15 18:04:05,160 - SystemMonitor - WARNING - server has failed 4 consecutive checks - attempting recovery
2025-09-15 18:04:05,160 - SystemMonitor - INFO - Attempting to restart server...
2025-09-15 18:04:05,163 - SystemMonitor - INFO - Successfully restarted server
2025-09-15 18:04:11,166 - SystemMonitor - ERROR - Error checking system resources: argument 1 (impossible<bad format char>)
2025-09-15 18:05:16,259 - SystemMonitor - WARNING - Server health check failed: HTTPConnectionPool(host='localhost', port=45678): Max retries exceeded with url: /health (Caused by NewConnectionError('<urllib3.connection.HTTPConnection object at 0x00000233447CFBD0>: Failed to establish a new connection: [WinError 10061] No connection could be made because the target machine actively refused it'))
2025-09-15 18:06:21,352 - SystemMonitor - WARNING - Server health check failed: HTTPConnectionPool(host='localhost', port=45678): Max retries exceeded with url: /health (Caused by NewConnectionError('<urllib3.connection.HTTPConnection object at 0x000002334496CD10>: Failed to establish a new connection: [WinError 10061] No connection could be made because the target machine actively refused it'))
2025-09-15 18:06:21,355 - SystemMonitor - WARNING - server has failed 4 consecutive checks - attempting recovery
2025-09-15 18:06:21,355 - SystemMonitor - INFO - Attempting to restart server...
2025-09-15 18:06:21,358 - SystemMonitor - INFO - Successfully restarted server
2025-09-15 18:07:31,400 - SystemMonitor - WARNING - Server health check failed: HTTPConnectionPool(host='localhost', port=45678): Max retries exceeded with url: /health (Caused by NewConnectionError('<urllib3.connection.HTTPConnection object at 0x000002334496CE20>: Failed to establish a new connection: [WinError 10061] No connection could be made because the target machine actively refused it'))
2025-09-15 18:08:36,488 - SystemMonitor - WARNING - Server health check failed: HTTPConnectionPool(host='localhost', port=45678): Max retries exceeded with url: /health (Caused by NewConnectionError('<urllib3.connection.HTTPConnection object at 0x000002334496DF20>: Failed to establish a new connection: [WinError 10061] No connection could be made because the target machine actively refused it'))
2025-09-15 18:08:36,491 - SystemMonitor - WARNING - server has failed 4 consecutive checks - attempting recovery
2025-09-15 18:08:36,491 - SystemMonitor - INFO - Attempting to restart server...
2025-09-15 18:08:36,494 - SystemMonitor - INFO - Successfully restarted server
2025-09-15 18:09:46,580 - SystemMonitor - WARNING - Server health check failed: HTTPConnectionPool(host='localhost', port=45678): Max retries exceeded with url: /health (Caused by NewConnectionError('<urllib3.connection.HTTPConnection object at 0x000002334496C9E0>: Failed to establish a new connection: [WinError 10061] No connection could be made because the target machine actively refused it'))
2025-09-15 18:10:51,680 - SystemMonitor - WARNING - Server health check failed: HTTPConnectionPool(host='localhost', port=45678): Max retries exceeded with url: /health (Caused by NewConnectionError('<urllib3.connection.HTTPConnection object at 0x00000233447CF9B0>: Failed to establish a new connection: [WinError 10061] No connection could be made because the target machine actively refused it'))
2025-09-15 18:10:51,682 - SystemMonitor - WARNING - server has failed 4 consecutive checks - attempting recovery
2025-09-15 18:10:51,682 - SystemMonitor - INFO - Attempting to restart server...
2025-09-15 18:10:51,685 - SystemMonitor - INFO - Successfully restarted server
2025-09-15 18:12:01,772 - SystemMonitor - WARNING - Server health check failed: HTTPConnectionPool(host='localhost', port=45678): Max retries exceeded with url: /health (Caused by NewConnectionError('<urllib3.connection.HTTPConnection object at 0x000002334496CF30>: Failed to establish a new connection: [WinError 10061] No connection could be made because the target machine actively refused it'))
2025-09-15 18:13:06,850 - SystemMonitor - WARNING - Server health check failed: HTTPConnectionPool(host='localhost', port=45678): Max retries exceeded with url: /health (Caused by NewConnectionError('<urllib3.connection.HTTPConnection object at 0x000002334496C8D0>: Failed to establish a new connection: [WinError 10061] No connection could be made because the target machine actively refused it'))
2025-09-15 18:13:06,853 - SystemMonitor - WARNING - server has failed 4 consecutive checks - attempting recovery
2025-09-15 18:13:06,853 - SystemMonitor - INFO - Attempting to restart server...
2025-09-15 18:13:06,856 - SystemMonitor - INFO - Successfully restarted server
2025-09-15 18:14:16,941 - SystemMonitor - WARNING - Server health check failed: HTTPConnectionPool(host='localhost', port=45678): Max retries exceeded with url: /health (Caused by NewConnectionError('<urllib3.connection.HTTPConnection object at 0x000002334496E690>: Failed to establish a new connection: [WinError 10061] No connection could be made because the target machine actively refused it'))
2025-09-15 18:15:22,063 - SystemMonitor - WARNING - Server health check failed: HTTPConnectionPool(host='localhost', port=45678): Max retries exceeded with url: /health (Caused by NewConnectionError('<urllib3.connection.HTTPConnection object at 0x000002334496F240>: Failed to establish a new connection: [WinError 10061] No connection could be made because the target machine actively refused it'))
2025-09-15 18:15:22,066 - SystemMonitor - WARNING - server has failed 4 consecutive checks - attempting recovery
2025-09-15 18:15:22,066 - SystemMonitor - INFO - Attempting to restart server...
2025-09-15 18:15:22,070 - SystemMonitor - INFO - Successfully restarted server
2025-09-15 18:15:28,073 - SystemMonitor - ERROR - Error checking system resources: argument 1 (impossible<bad format char>)
2025-09-15 18:16:33,202 - SystemMonitor - WARNING - Server health check failed: HTTPConnectionPool(host='localhost', port=45678): Max retries exceeded with url: /health (Caused by NewConnectionError('<urllib3.connection.HTTPConnection object at 0x0000023344D2C270>: Failed to establish a new connection: [WinError 10061] No connection could be made because the target machine actively refused it'))
2025-09-15 18:17:38,374 - SystemMonitor - WARNING - Server health check failed: HTTPConnectionPool(host='localhost', port=45678): Max retries exceeded with url: /health (Caused by NewConnectionError('<urllib3.connection.HTTPConnection object at 0x000002334496ECF0>: Failed to establish a new connection: [WinError 10061] No connection could be made because the target machine actively refused it'))
2025-09-15 18:17:38,376 - SystemMonitor - WARNING - server has failed 4 consecutive checks - attempting recovery
2025-09-15 18:17:38,376 - SystemMonitor - INFO - Attempting to restart server...
2025-09-15 18:17:38,380 - SystemMonitor - INFO - Successfully restarted server
2025-09-15 18:18:48,562 - SystemMonitor - WARNING - Server health check failed: HTTPConnectionPool(host='localhost', port=45678): Max retries exceeded with url: /health (Caused by NewConnectionError('<urllib3.connection.HTTPConnection object at 0x000002334496DBF0>: Failed to establish a new connection: [WinError 10061] No connection could be made because the target machine actively refused it'))
2025-09-15 18:19:53,657 - SystemMonitor - WARNING - Server health check failed: HTTPConnectionPool(host='localhost', port=45678): Max retries exceeded with url: /health (Caused by NewConnectionError('<urllib3.connection.HTTPConnection object at 0x000002334496D040>: Failed to establish a new connection: [WinError 10061] No connection could be made because the target machine actively refused it'))
2025-09-15 18:19:53,660 - SystemMonitor - WARNING - server has failed 4 consecutive checks - attempting recovery
2025-09-15 18:19:53,661 - SystemMonitor - INFO - Attempting to restart server...
2025-09-15 18:19:53,664 - SystemMonitor - INFO - Successfully restarted server
2025-09-15 18:21:03,842 - SystemMonitor - WARNING - Server health check failed: HTTPConnectionPool(host='localhost', port=45678): Max retries exceeded with url: /health (Caused by NewConnectionError('<urllib3.connection.HTTPConnection object at 0x000002334496FCE0>: Failed to establish a new connection: [WinError 10061] No connection could be made because the target machine actively refused it'))
2025-09-15 18:22:09,051 - SystemMonitor - WARNING - Server health check failed: HTTPConnectionPool(host='localhost', port=45678): Max retries exceeded with url: /health (Caused by NewConnectionError('<urllib3.connection.HTTPConnection object at 0x00000233447CDF20>: Failed to establish a new connection: [WinError 10061] No connection could be made because the target machine actively refused it'))
2025-09-15 18:22:09,054 - SystemMonitor - WARNING - server has failed 4 consecutive checks - attempting recovery
2025-09-15 18:22:09,054 - SystemMonitor - INFO - Attempting to restart server...
2025-09-15 18:22:09,058 - SystemMonitor - INFO - Successfully restarted server
2025-09-15 18:23:19,140 - SystemMonitor - WARNING - Server health check failed: HTTPConnectionPool(host='localhost', port=45678): Max retries exceeded with url: /health (Caused by NewConnectionError('<urllib3.connection.HTTPConnection object at 0x000002334496F460>: Failed to establish a new connection: [WinError 10061] No connection could be made because the target machine actively refused it'))
2025-09-15 18:24:24,211 - SystemMonitor - WARNING - Server health check failed: HTTPConnectionPool(host='localhost', port=45678): Max retries exceeded with url: /health (Caused by NewConnectionError('<urllib3.connection.HTTPConnection object at 0x000002334496C7C0>: Failed to establish a new connection: [WinError 10061] No connection could be made because the target machine actively refused it'))
2025-09-15 18:24:24,214 - SystemMonitor - WARNING - server has failed 4 consecutive checks - attempting recovery
2025-09-15 18:24:24,214 - SystemMonitor - INFO - Attempting to restart server...
2025-09-15 18:24:24,217 - SystemMonitor - INFO - Successfully restarted server
2025-09-15 18:25:34,311 - SystemMonitor - WARNING - Server health check failed: HTTPConnectionPool(host='localhost', port=45678): Max retries exceeded with url: /health (Caused by NewConnectionError('<urllib3.connection.HTTPConnection object at 0x000002334496E360>: Failed to establish a new connection: [WinError 10061] No connection could be made because the target machine actively refused it'))
2025-09-15 18:26:39,380 - SystemMonitor - WARNING - Server health check failed: HTTPConnectionPool(host='localhost', port=45678): Max retries exceeded with url: /health (Caused by NewConnectionError('<urllib3.connection.HTTPConnection object at 0x0000023344D70AF0>: Failed to establish a new connection: [WinError 10061] No connection could be made because the target machine actively refused it'))
2025-09-15 18:26:39,383 - SystemMonitor - WARNING - server has failed 4 consecutive checks - attempting recovery
2025-09-15 18:26:39,384 - SystemMonitor - INFO - Attempting to restart server...
2025-09-15 18:26:39,387 - SystemMonitor - INFO - Successfully restarted server
2025-09-15 18:26:45,391 - SystemMonitor - ERROR - Error checking system resources: argument 1 (impossible<bad format char>)
2025-09-15 18:27:50,464 - SystemMonitor - WARNING - Server health check failed: HTTPConnectionPool(host='localhost', port=45678): Max retries exceeded with url: /health (Caused by NewConnectionError('<urllib3.connection.HTTPConnection object at 0x00000233447CFAC0>: Failed to establish a new connection: [WinError 10061] No connection could be made because the target machine actively refused it'))
2025-09-15 18:28:55,506 - SystemMonitor - WARNING - Server health check failed: HTTPConnectionPool(host='localhost', port=45678): Max retries exceeded with url: /health (Caused by NewConnectionError('<urllib3.connection.HTTPConnection object at 0x000002334496F9B0>: Failed to establish a new connection: [WinError 10061] No connection could be made because the target machine actively refused it'))
2025-09-15 18:28:55,508 - SystemMonitor - WARNING - server has failed 4 consecutive checks - attempting recovery
2025-09-15 18:28:55,508 - SystemMonitor - INFO - Attempting to restart server...
2025-09-15 18:28:55,511 - SystemMonitor - INFO - Successfully restarted server
2025-09-15 18:30:05,604 - SystemMonitor - WARNING - Server health check failed: HTTPConnectionPool(host='localhost', port=45678): Max retries exceeded with url: /health (Caused by NewConnectionError('<urllib3.connection.HTTPConnection object at 0x000002334496D150>: Failed to establish a new connection: [WinError 10061] No connection could be made because the target machine actively refused it'))
2025-09-15 18:31:10,766 - SystemMonitor - WARNING - Server health check failed: HTTPConnectionPool(host='localhost', port=45678): Max retries exceeded with url: /health (Caused by NewConnectionError('<urllib3.connection.HTTPConnection object at 0x000002334496F680>: Failed to establish a new connection: [WinError 10061] No connection could be made because the target machine actively refused it'))
2025-09-15 18:31:10,769 - SystemMonitor - WARNING - server has failed 4 consecutive checks - attempting recovery
2025-09-15 18:31:10,769 - SystemMonitor - INFO - Attempting to restart server...
2025-09-15 18:31:10,772 - SystemMonitor - INFO - Successfully restarted server
2025-09-15 18:32:20,837 - SystemMonitor - WARNING - Server health check failed: HTTPConnectionPool(host='localhost', port=45678): Max retries exceeded with url: /health (Caused by NewConnectionError('<urllib3.connection.HTTPConnection object at 0x0000023344D706B0>: Failed to establish a new connection: [WinError 10061] No connection could be made because the target machine actively refused it'))
2025-09-15 18:33:25,950 - SystemMonitor - WARNING - Server health check failed: HTTPConnectionPool(host='localhost', port=45678): Max retries exceeded with url: /health (Caused by NewConnectionError('<urllib3.connection.HTTPConnection object at 0x00000233447CFBD0>: Failed to establish a new connection: [WinError 10061] No connection could be made because the target machine actively refused it'))
2025-09-15 18:33:25,953 - SystemMonitor - WARNING - server has failed 4 consecutive checks - attempting recovery
2025-09-15 18:33:25,953 - SystemMonitor - INFO - Attempting to restart server...
2025-09-15 18:33:25,957 - SystemMonitor - INFO - Successfully restarted server
2025-09-15 18:34:36,085 - SystemMonitor - WARNING - Server health check failed: HTTPConnectionPool(host='localhost', port=45678): Max retries exceeded with url: /health (Caused by NewConnectionError('<urllib3.connection.HTTPConnection object at 0x000002334496C490>: Failed to establish a new connection: [WinError 10061] No connection could be made because the target machine actively refused it'))
2025-09-15 18:35:41,247 - SystemMonitor - WARNING - Server health check failed: HTTPConnectionPool(host='localhost', port=45678): Max retries exceeded with url: /health (Caused by NewConnectionError('<urllib3.connection.HTTPConnection object at 0x000002334496FF00>: Failed to establish a new connection: [WinError 10061] No connection could be made because the target machine actively refused it'))
2025-09-15 18:35:41,250 - SystemMonitor - WARNING - server has failed 4 consecutive checks - attempting recovery
2025-09-15 18:35:41,250 - SystemMonitor - INFO - Attempting to restart server...
2025-09-15 18:35:41,253 - SystemMonitor - INFO - Successfully restarted server
2025-09-15 18:36:51,387 - SystemMonitor - WARNING - Server health check failed: HTTPConnectionPool(host='localhost', port=45678): Max retries exceeded with url: /health (Caused by NewConnectionError('<urllib3.connection.HTTPConnection object at 0x00000233447CF9B0>: Failed to establish a new connection: [WinError 10061] No connection could be made because the target machine actively refused it'))
2025-09-15 18:37:56,516 - SystemMonitor - WARNING - Server health check failed: HTTPConnectionPool(host='localhost', port=45678): Max retries exceeded with url: /health (Caused by NewConnectionError('<urllib3.connection.HTTPConnection object at 0x000002334496E140>: Failed to establish a new connection: [WinError 10061] No connection could be made because the target machine actively refused it'))
2025-09-15 18:37:56,520 - SystemMonitor - WARNING - server has failed 4 consecutive checks - attempting recovery
2025-09-15 18:37:56,520 - SystemMonitor - INFO - Attempting to restart server...
2025-09-15 18:37:56,523 - SystemMonitor - INFO - Successfully restarted server
2025-09-15 18:38:02,525 - SystemMonitor - ERROR - Error checking system resources: argument 1 (impossible<bad format char>)
2025-09-15 18:39:11,098 - SystemMonitor - WARNING - Server health check failed: HTTPConnectionPool(host='localhost', port=45678): Max retries exceeded with url: /health (Caused by NewConnectionError('<urllib3.connection.HTTPConnection object at 0x000002334496C270>: Failed to establish a new connection: [WinError 10061] No connection could be made because the target machine actively refused it'))
2025-09-15 18:40:16,186 - SystemMonitor - WARNING - Server health check failed: HTTPConnectionPool(host='localhost', port=45678): Max retries exceeded with url: /health (Caused by NewConnectionError('<urllib3.connection.HTTPConnection object at 0x000002334496CE20>: Failed to establish a new connection: [WinError 10061] No connection could be made because the target machine actively refused it'))
2025-09-15 18:40:16,194 - SystemMonitor - WARNING - server has failed 4 consecutive checks - attempting recovery
2025-09-15 18:40:16,194 - SystemMonitor - INFO - Attempting to restart server...
2025-09-15 18:40:16,199 - SystemMonitor - INFO - Successfully restarted server
2025-09-15 18:41:26,316 - SystemMonitor - WARNING - Server health check failed: HTTPConnectionPool(host='localhost', port=45678): Max retries exceeded with url: /health (Caused by NewConnectionError('<urllib3.connection.HTTPConnection object at 0x000002334496F240>: Failed to establish a new connection: [WinError 10061] No connection could be made because the target machine actively refused it'))
2025-09-15 18:42:31,405 - SystemMonitor - WARNING - Server health check failed: HTTPConnectionPool(host='localhost', port=45678): Max retries exceeded with url: /health (Caused by NewConnectionError('<urllib3.connection.HTTPConnection object at 0x0000023344D74160>: Failed to establish a new connection: [WinError 10061] No connection could be made because the target machine actively refused it'))
2025-09-15 18:42:31,408 - SystemMonitor - WARNING - server has failed 4 consecutive checks - attempting recovery
2025-09-15 18:42:31,408 - SystemMonitor - INFO - Attempting to restart server...
2025-09-15 18:42:31,410 - SystemMonitor - INFO - Successfully restarted server
2025-09-15 18:43:41,534 - SystemMonitor - WARNING - Server health check failed: HTTPConnectionPool(host='localhost', port=45678): Max retries exceeded with url: /health (Caused by NewConnectionError('<urllib3.connection.HTTPConnection object at 0x000002334496E250>: Failed to establish a new connection: [WinError 10061] No connection could be made because the target machine actively refused it'))
2025-09-15 18:44:46,622 - SystemMonitor - WARNING - Server health check failed: HTTPConnectionPool(host='localhost', port=45678): Max retries exceeded with url: /health (Caused by NewConnectionError('<urllib3.connection.HTTPConnection object at 0x000002334496CE20>: Failed to establish a new connection: [WinError 10061] No connection could be made because the target machine actively refused it'))
2025-09-15 18:44:46,625 - SystemMonitor - WARNING - server has failed 4 consecutive checks - attempting recovery
2025-09-15 18:44:46,625 - SystemMonitor - INFO - Attempting to restart server...
2025-09-15 18:44:46,627 - SystemMonitor - INFO - Successfully restarted server
2025-09-15 18:45:56,762 - SystemMonitor - WARNING - Server health check failed: HTTPConnectionPool(host='localhost', port=45678): Max retries exceeded with url: /health (Caused by NewConnectionError('<urllib3.connection.HTTPConnection object at 0x000002334496DF20>: Failed to establish a new connection: [WinError 10061] No connection could be made because the target machine actively refused it'))
2025-09-15 18:47:01,854 - SystemMonitor - WARNING - Server health check failed: HTTPConnectionPool(host='localhost', port=45678): Max retries exceeded with url: /health (Caused by NewConnectionError('<urllib3.connection.HTTPConnection object at 0x0000023344D74490>: Failed to establish a new connection: [WinError 10061] No connection could be made because the target machine actively refused it'))
2025-09-15 18:47:01,857 - SystemMonitor - WARNING - server has failed 4 consecutive checks - attempting recovery
2025-09-15 18:47:01,857 - SystemMonitor - INFO - Attempting to restart server...
2025-09-15 18:47:01,860 - SystemMonitor - INFO - Successfully restarted server
2025-09-15 18:48:11,953 - SystemMonitor - WARNING - Server health check failed: HTTPConnectionPool(host='localhost', port=45678): Max retries exceeded with url: /health (Caused by NewConnectionError('<urllib3.connection.HTTPConnection object at 0x00000233447CFF00>: Failed to establish a new connection: [WinError 10061] No connection could be made because the target machine actively refused it'))
2025-09-15 18:49:17,034 - SystemMonitor - WARNING - Server health check failed: HTTPConnectionPool(host='localhost', port=45678): Max retries exceeded with url: /health (Caused by NewConnectionError('<urllib3.connection.HTTPConnection object at 0x000002334496EF10>: Failed to establish a new connection: [WinError 10061] No connection could be made because the target machine actively refused it'))
2025-09-15 18:49:17,037 - SystemMonitor - WARNING - server has failed 4 consecutive checks - attempting recovery
2025-09-15 18:49:17,037 - SystemMonitor - INFO - Attempting to restart server...
2025-09-15 18:49:17,040 - SystemMonitor - INFO - Successfully restarted server
2025-09-15 18:49:23,043 - SystemMonitor - ERROR - Error checking system resources: argument 1 (impossible<bad format char>)
2025-09-15 18:50:28,118 - SystemMonitor - WARNING - Server health check failed: HTTPConnectionPool(host='localhost', port=45678): Max retries exceeded with url: /health (Caused by NewConnectionError('<urllib3.connection.HTTPConnection object at 0x000002334496E470>: Failed to establish a new connection: [WinError 10061] No connection could be made because the target machine actively refused it'))
2025-09-15 18:51:33,223 - SystemMonitor - WARNING - Server health check failed: HTTPConnectionPool(host='localhost', port=45678): Max retries exceeded with url: /health (Caused by NewConnectionError('<urllib3.connection.HTTPConnection object at 0x0000023344D74E20>: Failed to establish a new connection: [WinError 10061] No connection could be made because the target machine actively refused it'))
2025-09-15 18:51:33,226 - SystemMonitor - WARNING - server has failed 4 consecutive checks - attempting recovery
2025-09-15 18:51:33,226 - SystemMonitor - INFO - Attempting to restart server...
2025-09-15 18:51:33,230 - SystemMonitor - INFO - Successfully restarted server
