[2025-09-15T23:27:46.630Z] System Monitor starting...
[2025-09-15T23:27:46.634Z] System: Windows_NT 10.0.26100 x64
[2025-09-15T23:27:46.634Z] Node Version: v24.3.0
[2025-09-15T23:27:46.634Z] Monitoring 5 components
[2025-09-15T23:27:46.635Z] Performing system check...
[2025-09-15T23:27:46.663Z] Found active HRM server on port 45678
[2025-09-15T23:28:47.974Z] Performing system check...
[2025-09-15T23:28:47.978Z] Found active HRM server on port 45678
[2025-09-15T23:29:49.368Z] Performing system check...
[2025-09-15T23:29:49.371Z] Found active HRM server on port 45678
[2025-09-15T23:30:50.947Z] Performing system check...
[2025-09-15T23:30:50.951Z] Found active HRM server on port 45678
[2025-09-15T23:31:52.174Z] Performing system check...
[2025-09-15T23:31:52.177Z] Found active HRM server on port 45678
[2025-09-15T23:32:53.499Z] Performing system check...
[2025-09-15T23:32:53.501Z] Found active HRM server on port 45678
[2025-09-15T23:33:54.838Z] Performing system check...
[2025-09-15T23:33:54.841Z] Found active HRM server on port 45678
[2025-09-15T23:34:56.033Z] Performing system check...
[2025-09-15T23:34:56.036Z] Found active HRM server on port 45678
[2025-09-15T23:35:57.200Z] Performing system check...
[2025-09-15T23:35:57.202Z] Found active HRM server on port 45678
[2025-09-15T23:36:58.444Z] Performing system check...
[2025-09-15T23:36:58.447Z] Found active HRM server on port 45678
[2025-09-15T23:37:59.754Z] Performing system check...
[2025-09-15T23:37:59.756Z] Found active HRM server on port 45678
[2025-09-15T23:39:01.203Z] Performing system check...
[2025-09-15T23:39:01.208Z] Found active HRM server on port 45678
[2025-09-15T23:40:02.629Z] Performing system check...
[2025-09-15T23:40:02.632Z] Found active HRM server on port 45678
[2025-09-15T23:41:03.892Z] Performing system check...
[2025-09-15T23:41:03.895Z] Found active HRM server on port 45678
[2025-09-15T23:42:05.302Z] Performing system check...
[2025-09-15T23:42:05.304Z] Found active HRM server on port 45678
[2025-09-15T23:43:06.736Z] Performing system check...
[2025-09-15T23:43:06.741Z] Found active HRM server on port 45678
[2025-09-15T23:44:07.931Z] Performing system check...
[2025-09-15T23:44:07.935Z] Found active HRM server on port 45678
[2025-09-15T23:45:09.173Z] Performing system check...
[2025-09-15T23:45:09.176Z] Found active HRM server on port 45678
[2025-09-15T23:46:10.462Z] Performing system check...
[2025-09-15T23:46:10.464Z] Found active HRM server on port 45678
[2025-09-15T23:47:11.901Z] Performing system check...
[2025-09-15T23:47:11.903Z] Found active HRM server on port 45678
[2025-09-15T23:48:13.392Z] Performing system check...
[2025-09-15T23:48:13.395Z] Found active HRM server on port 45678
[2025-09-15T23:49:14.823Z] Performing system check...
[2025-09-15T23:49:14.828Z] Warning: Could not find active HRM server port
[2025-09-15T23:49:16.264Z] HRM Server is running but endpoint check failed: http://localhost:45678/health
[2025-09-15T23:49:16.264Z] HRM Server check failed (1/3)
[2025-09-15T23:50:16.273Z] Performing system check...
[2025-09-15T23:50:16.277Z] Warning: Could not find active HRM server port
[2025-09-15T23:50:17.520Z] HRM Server is running but endpoint check failed: http://localhost:45678/health
[2025-09-15T23:50:17.520Z] HRM Server check failed (2/3)
[2025-09-15T23:51:17.522Z] Performing system check...
[2025-09-15T23:51:17.525Z] Found active HRM server on port 45678
[2025-09-15T23:51:19.033Z] HRM Server is now operational
[2025-09-15T23:52:19.036Z] Performing system check...
[2025-09-15T23:52:19.040Z] Found active HRM server on port 45678
[2025-09-15T23:53:20.428Z] Performing system check...
[2025-09-15T23:53:20.431Z] Found active HRM server on port 45678
[2025-09-15T23:54:21.882Z] Performing system check...
[2025-09-15T23:54:21.885Z] Found active HRM server on port 45678
[2025-09-15T23:55:23.195Z] Performing system check...
[2025-09-15T23:55:23.197Z] Found active HRM server on port 45678
[2025-09-15T23:56:24.530Z] Performing system check...
[2025-09-15T23:56:24.534Z] Found active HRM server on port 45678
[2025-09-15T23:57:25.680Z] Performing system check...
[2025-09-15T23:57:25.684Z] Found active HRM server on port 45678
[2025-09-15T23:58:26.994Z] Performing system check...
[2025-09-15T23:58:26.998Z] Found active HRM server on port 45678
[2025-09-15T23:59:28.232Z] Performing system check...
[2025-09-15T23:59:28.235Z] Found active HRM server on port 45678
[2025-09-16T00:00:29.469Z] Performing system check...
[2025-09-16T00:00:29.472Z] Found active HRM server on port 45678
[2025-09-16T00:01:30.868Z] Performing system check...
[2025-09-16T00:01:30.870Z] Found active HRM server on port 45678
[2025-09-16T00:02:32.155Z] Performing system check...
[2025-09-16T00:02:32.158Z] Found active HRM server on port 45678
[2025-09-16T00:03:33.384Z] Performing system check...
[2025-09-16T00:03:33.387Z] Found active HRM server on port 45678
[2025-09-16T00:04:34.767Z] Performing system check...
[2025-09-16T00:04:34.770Z] Found active HRM server on port 45678
[2025-09-16T00:05:36.312Z] Performing system check...
[2025-09-16T00:05:36.316Z] Found active HRM server on port 45678
[2025-09-16T00:06:37.526Z] Performing system check...
[2025-09-16T00:06:37.530Z] Found active HRM server on port 45678
[2025-09-16T00:07:38.824Z] Performing system check...
[2025-09-16T00:07:38.827Z] Found active HRM server on port 45678
[2025-09-16T00:08:40.156Z] Performing system check...
[2025-09-16T00:08:40.159Z] Found active HRM server on port 45678
[2025-09-16T00:09:41.636Z] Performing system check...
[2025-09-16T00:09:41.639Z] Found active HRM server on port 45678
[2025-09-16T00:10:42.867Z] Performing system check...
[2025-09-16T00:10:42.870Z] Found active HRM server on port 45678
[2025-09-16T00:11:44.083Z] Performing system check...
[2025-09-16T00:11:44.086Z] Found active HRM server on port 45678
[2025-09-16T00:12:45.342Z] Performing system check...
[2025-09-16T00:12:45.345Z] Found active HRM server on port 45678
[2025-09-16T00:13:46.645Z] Performing system check...
[2025-09-16T00:13:46.647Z] Found active HRM server on port 45678
[2025-09-16T00:14:47.942Z] Performing system check...
[2025-09-16T00:14:47.946Z] Found active HRM server on port 45678
[2025-09-16T00:15:49.170Z] Performing system check...
[2025-09-16T00:15:49.173Z] Found active HRM server on port 45678
[2025-09-16T00:16:50.662Z] Performing system check...
[2025-09-16T00:16:50.665Z] Found active HRM server on port 45678
[2025-09-16T00:17:51.889Z] Performing system check...
[2025-09-16T00:17:51.893Z] Found active HRM server on port 45678
[2025-09-16T00:18:53.189Z] Performing system check...
[2025-09-16T00:18:53.192Z] Found active HRM server on port 45678
[2025-09-16T00:19:54.438Z] Performing system check...
[2025-09-16T00:19:54.441Z] Found active HRM server on port 45678
[2025-09-16T00:20:55.730Z] Performing system check...
[2025-09-16T00:20:55.734Z] Found active HRM server on port 45678
[2025-09-16T00:21:57.014Z] Performing system check...
[2025-09-16T00:21:57.017Z] Found active HRM server on port 45678
[2025-09-16T00:22:58.285Z] Performing system check...
[2025-09-16T00:22:58.288Z] Found active HRM server on port 45678
[2025-09-16T00:23:59.600Z] Performing system check...
[2025-09-16T00:23:59.604Z] Found active HRM server on port 45678
[2025-09-16T00:25:00.855Z] Performing system check...
[2025-09-16T00:25:00.859Z] Found active HRM server on port 45678
[2025-09-16T00:26:02.138Z] Performing system check...
[2025-09-16T00:26:02.143Z] Found active HRM server on port 45678
[2025-09-16T00:27:03.454Z] Performing system check...
[2025-09-16T00:27:03.456Z] Found active HRM server on port 45678
[2025-09-16T00:28:04.909Z] Performing system check...
[2025-09-16T00:28:04.912Z] Found active HRM server on port 45678
[2025-09-16T00:29:06.505Z] Performing system check...
[2025-09-16T00:29:06.508Z] Found active HRM server on port 45678
[2025-09-16T00:30:07.933Z] Performing system check...
[2025-09-16T00:30:07.937Z] Found active HRM server on port 45678
[2025-09-16T00:31:09.220Z] Performing system check...
[2025-09-16T00:31:09.222Z] Found active HRM server on port 45678
[2025-09-16T00:32:10.673Z] Performing system check...
[2025-09-16T00:32:10.676Z] Found active HRM server on port 45678
[2025-09-16T00:33:11.930Z] Performing system check...
[2025-09-16T00:33:11.932Z] Found active HRM server on port 45678
[2025-09-16T00:34:13.160Z] Performing system check...
[2025-09-16T00:34:13.162Z] Found active HRM server on port 45678
[2025-09-16T00:35:14.701Z] Performing system check...
[2025-09-16T00:35:14.704Z] Found active HRM server on port 45678
[2025-09-16T00:36:16.057Z] Performing system check...
[2025-09-16T00:36:16.060Z] Found active HRM server on port 45678
[2025-09-16T00:37:17.582Z] Performing system check...
[2025-09-16T00:37:17.585Z] Found active HRM server on port 45678
[2025-09-16T00:38:18.851Z] Performing system check...
[2025-09-16T00:38:18.854Z] Found active HRM server on port 45678
[2025-09-16T00:39:20.243Z] Performing system check...
[2025-09-16T00:39:20.246Z] Found active HRM server on port 45678
[2025-09-16T00:40:21.684Z] Performing system check...
[2025-09-16T00:40:21.687Z] Found active HRM server on port 45678
[2025-09-16T00:41:22.957Z] Performing system check...
[2025-09-16T00:41:22.960Z] Found active HRM server on port 45678
[2025-09-16T00:42:24.297Z] Performing system check...
[2025-09-16T00:42:24.300Z] Found active HRM server on port 45678
[2025-09-16T00:43:25.540Z] Performing system check...
[2025-09-16T00:43:25.542Z] Found active HRM server on port 45678
[2025-09-16T00:44:26.862Z] Performing system check...
[2025-09-16T00:44:26.865Z] Found active HRM server on port 45678
[2025-09-16T00:45:28.449Z] Performing system check...
[2025-09-16T00:45:28.451Z] Found active HRM server on port 45678
[2025-09-16T00:46:29.960Z] Performing system check...
[2025-09-16T00:46:29.963Z] Found active HRM server on port 45678
[2025-09-16T00:47:31.410Z] Performing system check...
[2025-09-16T00:47:31.412Z] Found active HRM server on port 45678
[2025-09-16T00:48:32.674Z] Performing system check...
[2025-09-16T00:48:32.677Z] Found active HRM server on port 45678
[2025-09-16T00:49:33.988Z] Performing system check...
[2025-09-16T00:49:33.990Z] Found active HRM server on port 45678
[2025-09-16T00:50:35.595Z] Performing system check...
[2025-09-16T00:50:35.598Z] Found active HRM server on port 45678
[2025-09-16T00:51:37.080Z] Performing system check...
[2025-09-16T00:51:37.083Z] Found active HRM server on port 45678
[2025-09-16T00:52:38.547Z] Performing system check...
[2025-09-16T00:52:38.549Z] Found active HRM server on port 45678
[2025-09-16T00:53:40.023Z] Performing system check...
[2025-09-16T00:53:40.025Z] Found active HRM server on port 45678
[2025-09-16T00:54:41.485Z] Performing system check...
[2025-09-16T00:54:41.488Z] Found active HRM server on port 45678
[2025-09-16T00:55:42.639Z] Performing system check...
[2025-09-16T00:55:42.642Z] Found active HRM server on port 45678
[2025-09-16T00:56:43.954Z] Performing system check...
[2025-09-16T00:56:43.956Z] Found active HRM server on port 45678
[2025-09-16T00:57:45.205Z] Performing system check...
[2025-09-16T00:57:45.207Z] Found active HRM server on port 45678
[2025-09-16T00:58:46.438Z] Performing system check...
[2025-09-16T00:58:46.441Z] Found active HRM server on port 45678
[2025-09-16T00:59:47.898Z] Performing system check...
[2025-09-16T00:59:47.900Z] Found active HRM server on port 45678
[2025-09-16T01:00:49.362Z] Performing system check...
[2025-09-16T01:00:49.364Z] Found active HRM server on port 45678
[2025-09-16T01:01:51.002Z] Performing system check...
[2025-09-16T01:01:51.004Z] Found active HRM server on port 45678
[2025-09-16T01:02:52.440Z] Performing system check...
[2025-09-16T01:02:52.443Z] Found active HRM server on port 45678
[2025-09-16T01:03:53.919Z] Performing system check...
[2025-09-16T01:03:53.922Z] Found active HRM server on port 45678
[2025-09-16T01:04:55.273Z] Performing system check...
[2025-09-16T01:04:55.276Z] Found active HRM server on port 45678
[2025-09-16T01:05:56.440Z] Performing system check...
[2025-09-16T01:05:56.443Z] Found active HRM server on port 45678
[2025-09-16T01:06:57.373Z] Performing system check...
[2025-09-16T01:06:57.376Z] Found active HRM server on port 45678
[2025-09-16T01:07:58.771Z] Performing system check...
[2025-09-16T01:07:58.773Z] Found active HRM server on port 45678
[2025-09-16T01:09:00.357Z] Performing system check...
[2025-09-16T01:09:00.360Z] Found active HRM server on port 45678
[2025-09-16T01:10:01.793Z] Performing system check...
[2025-09-16T01:10:01.795Z] Found active HRM server on port 45678
[2025-09-16T01:11:03.219Z] Performing system check...
[2025-09-16T01:11:03.222Z] Found active HRM server on port 45678
[2025-09-16T01:12:04.567Z] Performing system check...
[2025-09-16T01:12:04.571Z] Found active HRM server on port 45678
[2025-09-16T01:13:06.020Z] Performing system check...
[2025-09-16T01:13:06.023Z] Found active HRM server on port 45678
[2025-09-16T01:14:07.700Z] Performing system check...
[2025-09-16T01:14:07.703Z] Found active HRM server on port 45678
[2025-09-16T01:15:09.215Z] Performing system check...
[2025-09-16T01:15:09.218Z] Found active HRM server on port 45678
[2025-09-16T01:16:10.737Z] Performing system check...
[2025-09-16T01:16:10.739Z] Found active HRM server on port 45678
[2025-09-16T01:17:12.035Z] Performing system check...
[2025-09-16T01:17:12.039Z] Found active HRM server on port 45678
[2025-09-16T01:18:13.262Z] Performing system check...
[2025-09-16T01:18:13.265Z] Found active HRM server on port 45678
[2025-09-16T01:19:14.452Z] Performing system check...
[2025-09-16T01:19:14.455Z] Found active HRM server on port 45678
[2025-09-16T01:20:15.959Z] Performing system check...
[2025-09-16T01:20:15.961Z] Found active HRM server on port 45678
[2025-09-16T01:21:17.278Z] Performing system check...
[2025-09-16T01:21:17.281Z] Found active HRM server on port 45678
[2025-09-16T01:22:18.632Z] Performing system check...
[2025-09-16T01:22:18.634Z] Found active HRM server on port 45678
[2025-09-16T01:23:20.053Z] Performing system check...
[2025-09-16T01:23:20.056Z] Found active HRM server on port 45678
[2025-09-16T01:24:21.690Z] Performing system check...
[2025-09-16T01:24:21.692Z] Found active HRM server on port 45678
[2025-09-16T01:25:22.932Z] Performing system check...
[2025-09-16T01:25:22.935Z] Found active HRM server on port 45678
[2025-09-16T01:26:24.497Z] Performing system check...
[2025-09-16T01:26:24.500Z] Found active HRM server on port 45678
[2025-09-16T01:27:25.996Z] Performing system check...
[2025-09-16T01:27:25.998Z] Found active HRM server on port 45678
[2025-09-16T01:28:27.434Z] Performing system check...
[2025-09-16T01:28:27.438Z] Found active HRM server on port 45678
[2025-09-16T01:29:28.720Z] Performing system check...
[2025-09-16T01:29:28.722Z] Found active HRM server on port 45678
[2025-09-16T01:30:30.002Z] Performing system check...
[2025-09-16T01:30:30.005Z] Found active HRM server on port 45678
[2025-09-16T01:31:31.348Z] Performing system check...
[2025-09-16T01:31:31.351Z] Found active HRM server on port 45678
[2025-09-16T01:32:32.658Z] Performing system check...
[2025-09-16T01:32:32.660Z] Found active HRM server on port 45678
[2025-09-16T01:33:34.028Z] Performing system check...
[2025-09-16T01:33:34.031Z] Found active HRM server on port 45678
[2025-09-16T01:34:35.469Z] Performing system check...
[2025-09-16T01:34:35.472Z] Found active HRM server on port 45678
[2025-09-16T01:35:36.905Z] Performing system check...
[2025-09-16T01:35:36.908Z] Found active HRM server on port 45678
[2025-09-16T01:36:38.403Z] Performing system check...
[2025-09-16T01:36:38.405Z] Found active HRM server on port 45678
[2025-09-16T01:37:39.960Z] Performing system check...
[2025-09-16T01:37:39.963Z] Found active HRM server on port 45678
[2025-09-16T01:38:41.634Z] Performing system check...
[2025-09-16T01:38:41.637Z] Found active HRM server on port 45678
[2025-09-16T01:39:43.055Z] Performing system check...
[2025-09-16T01:39:43.057Z] Found active HRM server on port 45678
[2025-09-16T01:40:44.451Z] Performing system check...
[2025-09-16T01:40:44.453Z] Found active HRM server on port 45678
[2025-09-16T01:41:45.699Z] Performing system check...
[2025-09-16T01:41:45.702Z] Found active HRM server on port 45678
[2025-09-16T01:42:47.011Z] Performing system check...
[2025-09-16T01:42:47.014Z] Found active HRM server on port 45678
[2025-09-16T01:43:48.552Z] Performing system check...
[2025-09-16T01:43:48.554Z] Found active HRM server on port 45678
[2025-09-16T01:44:49.911Z] Performing system check...
[2025-09-16T01:44:49.913Z] Found active HRM server on port 45678
[2025-09-16T01:45:51.523Z] Performing system check...
[2025-09-16T01:45:51.526Z] Found active HRM server on port 45678
[2025-09-16T01:46:52.962Z] Performing system check...
[2025-09-16T01:46:52.966Z] Found active HRM server on port 45678
[2025-09-16T01:47:54.260Z] Performing system check...
[2025-09-16T01:47:54.263Z] Found active HRM server on port 45678
[2025-09-16T01:48:55.504Z] Performing system check...
[2025-09-16T01:48:55.507Z] Found active HRM server on port 45678
[2025-09-16T01:49:56.874Z] Performing system check...
[2025-09-16T01:49:56.876Z] Found active HRM server on port 45678
[2025-09-16T01:50:58.391Z] Performing system check...
[2025-09-16T01:50:58.394Z] Found active HRM server on port 45678
[2025-09-16T01:51:59.980Z] Performing system check...
[2025-09-16T01:51:59.983Z] Found active HRM server on port 45678
[2025-09-16T01:53:01.463Z] Performing system check...
[2025-09-16T01:53:01.466Z] Found active HRM server on port 45678
[2025-09-16T01:54:02.914Z] Performing system check...
[2025-09-16T01:54:02.918Z] Found active HRM server on port 45678
[2025-09-16T01:55:04.389Z] Performing system check...
[2025-09-16T01:55:04.391Z] Found active HRM server on port 45678
[2025-09-16T01:56:06.052Z] Performing system check...
[2025-09-16T01:56:06.056Z] Found active HRM server on port 45678
[2025-09-16T01:57:07.564Z] Performing system check...
[2025-09-16T01:57:07.567Z] Found active HRM server on port 45678
[2025-09-16T01:58:09.035Z] Performing system check...
[2025-09-16T01:58:09.037Z] Found active HRM server on port 45678
[2025-09-16T01:59:10.420Z] Performing system check...
[2025-09-16T01:59:10.422Z] Found active HRM server on port 45678
[2025-09-16T02:00:11.800Z] Performing system check...
[2025-09-16T02:00:11.803Z] Found active HRM server on port 45678
[2025-09-16T02:01:13.136Z] Performing system check...
[2025-09-16T02:01:13.139Z] Found active HRM server on port 45678
[2025-09-16T02:02:14.376Z] Performing system check...
[2025-09-16T02:02:14.379Z] Found active HRM server on port 45678
[2025-09-16T02:03:15.728Z] Performing system check...
[2025-09-16T02:03:15.730Z] Found active HRM server on port 45678
[2025-09-16T02:04:16.992Z] Performing system check...
[2025-09-16T02:04:16.994Z] Found active HRM server on port 45678
[2025-09-16T02:05:18.475Z] Performing system check...
[2025-09-16T02:05:18.477Z] Found active HRM server on port 45678
[2025-09-16T02:06:19.992Z] Performing system check...
[2025-09-16T02:06:19.995Z] Found active HRM server on port 45678
[2025-09-16T02:07:21.571Z] Performing system check...
[2025-09-16T02:07:21.574Z] Found active HRM server on port 45678
[2025-09-16T02:08:23.044Z] Performing system check...
[2025-09-16T02:08:23.046Z] Found active HRM server on port 45678
[2025-09-16T02:09:24.514Z] Performing system check...
[2025-09-16T02:09:24.517Z] Found active HRM server on port 45678
[2025-09-16T02:10:26.030Z] Performing system check...
[2025-09-16T02:10:26.033Z] Found active HRM server on port 45678
[2025-09-16T02:11:27.530Z] Performing system check...
[2025-09-16T02:11:27.534Z] Found active HRM server on port 45678
[2025-09-16T02:12:28.955Z] Performing system check...
[2025-09-16T02:12:28.957Z] Found active HRM server on port 45678
[2025-09-16T02:13:30.339Z] Performing system check...
[2025-09-16T02:13:30.342Z] Found active HRM server on port 45678
[2025-09-16T02:14:31.727Z] Performing system check...
[2025-09-16T02:14:31.730Z] Found active HRM server on port 45678
[2025-09-16T02:15:32.989Z] Performing system check...
[2025-09-16T02:15:32.992Z] Found active HRM server on port 45678
[2025-09-16T02:16:34.374Z] Performing system check...
[2025-09-16T02:16:34.377Z] Found active HRM server on port 45678
[2025-09-16T02:17:35.704Z] Performing system check...
[2025-09-16T02:17:35.706Z] Found active HRM server on port 45678
[2025-09-16T02:18:37.065Z] Performing system check...
[2025-09-16T02:18:37.067Z] Found active HRM server on port 45678
[2025-09-16T02:19:38.498Z] Performing system check...
[2025-09-16T02:19:38.501Z] Found active HRM server on port 45678
[2025-09-16T02:20:39.960Z] Performing system check...
[2025-09-16T02:20:39.962Z] Found active HRM server on port 45678
[2025-09-16T02:21:41.453Z] Performing system check...
[2025-09-16T02:21:41.456Z] Found active HRM server on port 45678
[2025-09-16T02:22:42.884Z] Performing system check...
[2025-09-16T02:22:42.886Z] Found active HRM server on port 45678
[2025-09-16T02:23:44.472Z] Performing system check...
[2025-09-16T02:23:44.475Z] Found active HRM server on port 45678
[2025-09-16T02:24:45.963Z] Performing system check...
[2025-09-16T02:24:45.966Z] Found active HRM server on port 45678
[2025-09-16T02:25:47.316Z] Performing system check...
[2025-09-16T02:25:47.319Z] Found active HRM server on port 45678
[2025-09-16T02:26:48.829Z] Performing system check...
[2025-09-16T02:26:48.832Z] Found active HRM server on port 45678
[2025-09-16T02:27:50.401Z] Performing system check...
[2025-09-16T02:27:50.403Z] Found active HRM server on port 45678
[2025-09-16T02:28:52.103Z] Performing system check...
[2025-09-16T02:28:52.106Z] Found active HRM server on port 45678
[2025-09-16T02:29:53.580Z] Performing system check...
[2025-09-16T02:29:53.583Z] Found active HRM server on port 45678
[2025-09-16T02:30:55.012Z] Performing system check...
[2025-09-16T02:30:55.014Z] Found active HRM server on port 45678
[2025-09-16T02:31:56.555Z] Performing system check...
[2025-09-16T02:31:56.558Z] Found active HRM server on port 45678
[2025-09-16T02:32:58.097Z] Performing system check...
[2025-09-16T02:32:58.099Z] Found active HRM server on port 45678
[2025-09-16T02:33:59.509Z] Performing system check...
[2025-09-16T02:33:59.511Z] Found active HRM server on port 45678
[2025-09-16T02:35:00.767Z] Performing system check...
[2025-09-16T02:35:00.770Z] Found active HRM server on port 45678
[2025-09-16T02:36:02.249Z] Performing system check...
[2025-09-16T02:36:02.251Z] Found active HRM server on port 45678
[2025-09-16T02:37:03.515Z] Performing system check...
[2025-09-16T02:37:03.519Z] Found active HRM server on port 45678
[2025-09-16T02:38:04.920Z] Performing system check...
[2025-09-16T02:38:04.923Z] Found active HRM server on port 45678
[2025-09-16T02:39:06.432Z] Performing system check...
[2025-09-16T02:39:06.435Z] Found active HRM server on port 45678
[2025-09-16T02:40:07.731Z] Performing system check...
[2025-09-16T02:40:07.734Z] Found active HRM server on port 45678
[2025-09-16T02:41:09.253Z] Performing system check...
[2025-09-16T02:41:09.256Z] Found active HRM server on port 45678
[2025-09-16T02:42:10.735Z] Performing system check...
[2025-09-16T02:42:10.738Z] Found active HRM server on port 45678
[2025-09-16T02:43:12.365Z] Performing system check...
[2025-09-16T02:43:12.368Z] Found active HRM server on port 45678
[2025-09-16T02:44:13.771Z] Performing system check...
[2025-09-16T02:44:13.774Z] Found active HRM server on port 45678
[2025-09-16T02:45:15.167Z] Performing system check...
[2025-09-16T02:45:15.171Z] Found active HRM server on port 45678
[2025-09-16T02:46:16.645Z] Performing system check...
[2025-09-16T02:46:16.647Z] Found active HRM server on port 45678
[2025-09-16T02:47:18.086Z] Performing system check...
[2025-09-16T02:47:18.089Z] Found active HRM server on port 45678
[2025-09-16T02:48:19.620Z] Performing system check...
[2025-09-16T02:48:19.623Z] Found active HRM server on port 45678
[2025-09-16T02:49:21.133Z] Performing system check...
[2025-09-16T02:49:21.136Z] Found active HRM server on port 45678
[2025-09-16T02:50:22.612Z] Performing system check...
[2025-09-16T02:50:22.614Z] Found active HRM server on port 45678
[2025-09-16T02:51:24.240Z] Performing system check...
[2025-09-16T02:51:24.243Z] Found active HRM server on port 45678
[2025-09-16T02:52:25.589Z] Performing system check...
[2025-09-16T02:52:25.592Z] Found active HRM server on port 45678
[2025-09-16T02:53:27.082Z] Performing system check...
[2025-09-16T02:53:27.084Z] Found active HRM server on port 45678
[2025-09-16T02:54:28.641Z] Performing system check...
[2025-09-16T02:54:28.644Z] Found active HRM server on port 45678
[2025-09-16T02:55:30.131Z] Performing system check...
[2025-09-16T02:55:30.134Z] Found active HRM server on port 45678
[2025-09-16T02:56:31.476Z] Performing system check...
[2025-09-16T02:56:31.479Z] Found active HRM server on port 45678
[2025-09-16T02:57:32.784Z] Performing system check...
[2025-09-16T02:57:32.787Z] Found active HRM server on port 45678
[2025-09-16T02:58:34.330Z] Performing system check...
[2025-09-16T02:58:34.332Z] Found active HRM server on port 45678
[2025-09-16T02:59:35.861Z] Performing system check...
[2025-09-16T02:59:35.864Z] Found active HRM server on port 45678
[2025-09-16T03:00:37.365Z] Performing system check...
[2025-09-16T03:00:37.367Z] Found active HRM server on port 45678
[2025-09-16T03:01:38.903Z] Performing system check...
[2025-09-16T03:01:38.906Z] Found active HRM server on port 45678
[2025-09-16T03:02:40.506Z] Performing system check...
[2025-09-16T03:02:40.509Z] Found active HRM server on port 45678
[2025-09-16T03:03:42.060Z] Performing system check...
[2025-09-16T03:03:42.062Z] Found active HRM server on port 45678
[2025-09-16T03:04:43.410Z] Performing system check...
[2025-09-16T03:04:43.412Z] Found active HRM server on port 45678
[2025-09-16T03:05:44.786Z] Performing system check...
[2025-09-16T03:05:44.789Z] Found active HRM server on port 45678
[2025-09-16T03:06:46.123Z] Performing system check...
[2025-09-16T03:06:46.125Z] Found active HRM server on port 45678
[2025-09-16T03:07:47.676Z] Performing system check...
[2025-09-16T03:07:47.679Z] Found active HRM server on port 45678
[2025-09-16T03:08:49.213Z] Performing system check...
[2025-09-16T03:08:49.216Z] Found active HRM server on port 45678
[2025-09-16T03:09:50.702Z] Performing system check...
[2025-09-16T03:09:50.705Z] Found active HRM server on port 45678
[2025-09-16T03:10:52.050Z] Performing system check...
[2025-09-16T03:10:52.053Z] Found active HRM server on port 45678
[2025-09-16T03:11:53.722Z] Performing system check...
[2025-09-16T03:11:53.725Z] Found active HRM server on port 45678
[2025-09-16T03:12:55.402Z] Performing system check...
[2025-09-16T03:12:55.405Z] Found active HRM server on port 45678
[2025-09-16T03:13:56.989Z] Performing system check...
[2025-09-16T03:13:56.992Z] Found active HRM server on port 45678
[2025-09-16T03:14:58.554Z] Performing system check...
[2025-09-16T03:14:58.556Z] Found active HRM server on port 45678
[2025-09-16T03:16:00.041Z] Performing system check...
[2025-09-16T03:16:00.043Z] Found active HRM server on port 45678
[2025-09-16T03:17:01.599Z] Performing system check...
[2025-09-16T03:17:01.602Z] Found active HRM server on port 45678
[2025-09-16T03:18:03.157Z] Performing system check...
[2025-09-16T03:18:03.160Z] Found active HRM server on port 45678
[2025-09-16T03:19:04.701Z] Performing system check...
[2025-09-16T03:19:04.704Z] Found active HRM server on port 45678
[2025-09-16T03:20:06.274Z] Performing system check...
[2025-09-16T03:20:06.278Z] Found active HRM server on port 45678
[2025-09-16T03:21:07.681Z] Performing system check...
[2025-09-16T03:21:07.684Z] Found active HRM server on port 45678
[2025-09-16T03:22:09.034Z] Performing system check...
[2025-09-16T03:22:09.037Z] Found active HRM server on port 45678
[2025-09-16T03:23:10.741Z] Performing system check...
[2025-09-16T03:23:10.743Z] Found active HRM server on port 45678
[2025-09-16T03:24:12.286Z] Performing system check...
[2025-09-16T03:24:12.289Z] Found active HRM server on port 45678
[2025-09-16T03:25:13.701Z] Performing system check...
[2025-09-16T03:25:13.703Z] Found active HRM server on port 45678
[2025-09-16T03:26:15.220Z] Performing system check...
[2025-09-16T03:26:15.222Z] Found active HRM server on port 45678
[2025-09-16T03:27:16.733Z] Performing system check...
[2025-09-16T03:27:16.736Z] Found active HRM server on port 45678
[2025-09-16T03:28:18.214Z] Performing system check...
[2025-09-16T03:28:18.217Z] Found active HRM server on port 45678
[2025-09-16T03:29:19.761Z] Performing system check...
[2025-09-16T03:29:19.764Z] Found active HRM server on port 45678
[2025-09-16T03:30:21.227Z] Performing system check...
[2025-09-16T03:30:21.229Z] Found active HRM server on port 45678
[2025-09-16T03:31:22.773Z] Performing system check...
[2025-09-16T03:31:22.776Z] Found active HRM server on port 45678
[2025-09-16T03:32:24.314Z] Performing system check...
[2025-09-16T03:32:24.316Z] Found active HRM server on port 45678
[2025-09-16T03:33:25.913Z] Performing system check...
[2025-09-16T03:33:25.916Z] Found active HRM server on port 45678
[2025-09-16T03:34:27.631Z] Performing system check...
[2025-09-16T03:34:27.634Z] Found active HRM server on port 45678
[2025-09-16T03:35:28.994Z] Performing system check...
[2025-09-16T03:35:28.998Z] Found active HRM server on port 45678
[2025-09-16T03:36:30.294Z] Performing system check...
[2025-09-16T03:36:30.296Z] Found active HRM server on port 45678
[2025-09-16T03:37:31.791Z] Performing system check...
[2025-09-16T03:37:31.794Z] Found active HRM server on port 45678
[2025-09-16T03:38:33.094Z] Performing system check...
[2025-09-16T03:38:33.097Z] Found active HRM server on port 45678
[2025-09-16T03:39:34.536Z] Performing system check...
[2025-09-16T03:39:34.538Z] Found active HRM server on port 45678
[2025-09-16T03:40:36.099Z] Performing system check...
[2025-09-16T03:40:36.102Z] Found active HRM server on port 45678
[2025-09-16T03:41:37.492Z] Performing system check...
[2025-09-16T03:41:37.494Z] Found active HRM server on port 45678
[2025-09-16T03:42:38.950Z] Performing system check...
[2025-09-16T03:42:38.953Z] Found active HRM server on port 45678
[2025-09-16T03:43:40.462Z] Performing system check...
[2025-09-16T03:43:40.465Z] Found active HRM server on port 45678
[2025-09-16T03:44:42.078Z] Performing system check...
[2025-09-16T03:44:42.081Z] Found active HRM server on port 45678
[2025-09-16T03:45:43.503Z] Performing system check...
[2025-09-16T03:45:43.506Z] Found active HRM server on port 45678
[2025-09-16T03:46:44.953Z] Performing system check...
[2025-09-16T03:46:44.957Z] Found active HRM server on port 45678
[2025-09-16T03:47:46.467Z] Performing system check...
[2025-09-16T03:47:46.470Z] Found active HRM server on port 45678
[2025-09-16T03:48:47.766Z] Performing system check...
[2025-09-16T03:48:47.769Z] Found active HRM server on port 45678
[2025-09-16T03:49:48.990Z] Performing system check...
[2025-09-16T03:49:48.993Z] Found active HRM server on port 45678
[2025-09-16T03:50:50.307Z] Performing system check...
[2025-09-16T03:50:50.310Z] Found active HRM server on port 45678
[2025-09-16T03:51:51.634Z] Performing system check...
[2025-09-16T03:51:51.637Z] Found active HRM server on port 45678
[2025-09-16T03:52:53.187Z] Performing system check...
[2025-09-16T03:52:53.190Z] Found active HRM server on port 45678
[2025-09-16T03:53:54.579Z] Performing system check...
[2025-09-16T03:53:54.582Z] Found active HRM server on port 45678
[2025-09-16T03:54:56.307Z] Performing system check...
[2025-09-16T03:54:56.309Z] Found active HRM server on port 45678
[2025-09-16T03:55:57.853Z] Performing system check...
[2025-09-16T03:55:57.856Z] Found active HRM server on port 45678
[2025-09-16T03:56:59.353Z] Performing system check...
[2025-09-16T03:56:59.356Z] Found active HRM server on port 45678
[2025-09-16T03:58:00.905Z] Performing system check...
[2025-09-16T03:58:00.908Z] Found active HRM server on port 45678
[2025-09-16T03:59:02.510Z] Performing system check...
[2025-09-16T03:59:02.512Z] Found active HRM server on port 45678
[2025-09-16T04:00:04.075Z] Performing system check...
[2025-09-16T04:00:04.077Z] Found active HRM server on port 45678
[2025-09-16T04:01:05.562Z] Performing system check...
[2025-09-16T04:01:05.565Z] Found active HRM server on port 45678
[2025-09-16T04:02:06.940Z] Performing system check...
[2025-09-16T04:02:06.943Z] Found active HRM server on port 45678
[2025-09-16T04:03:08.322Z] Performing system check...
[2025-09-16T04:03:08.326Z] Found active HRM server on port 45678
[2025-09-16T04:04:09.856Z] Performing system check...
[2025-09-16T04:04:09.859Z] Found active HRM server on port 45678
[2025-09-16T04:05:11.300Z] Performing system check...
[2025-09-16T04:05:11.303Z] Found active HRM server on port 45678
[2025-09-16T04:06:12.974Z] Performing system check...
[2025-09-16T04:06:12.977Z] Found active HRM server on port 45678
[2025-09-16T04:07:14.478Z] Performing system check...
[2025-09-16T04:07:14.480Z] Found active HRM server on port 45678
[2025-09-16T04:08:16.022Z] Performing system check...
[2025-09-16T04:08:16.025Z] Found active HRM server on port 45678
[2025-09-16T04:09:17.476Z] Performing system check...
[2025-09-16T04:09:17.479Z] Found active HRM server on port 45678
[2025-09-16T04:10:18.788Z] Performing system check...
[2025-09-16T04:10:18.791Z] Found active HRM server on port 45678
[2025-09-16T04:11:20.177Z] Performing system check...
[2025-09-16T04:11:20.179Z] Found active HRM server on port 45678
[2025-09-16T04:12:21.699Z] Performing system check...
[2025-09-16T04:12:21.703Z] Found active HRM server on port 45678
[2025-09-16T04:13:23.185Z] Performing system check...
[2025-09-16T04:13:23.187Z] Found active HRM server on port 45678
[2025-09-16T04:14:24.682Z] Performing system check...
[2025-09-16T04:14:24.684Z] Found active HRM server on port 45678
[2025-09-16T04:15:26.059Z] Performing system check...
[2025-09-16T04:15:26.061Z] Found active HRM server on port 45678
[2025-09-16T04:16:27.371Z] Performing system check...
[2025-09-16T04:16:27.373Z] Found active HRM server on port 45678
[2025-09-16T04:17:29.029Z] Performing system check...
[2025-09-16T04:17:29.031Z] Found active HRM server on port 45678
[2025-09-16T04:18:30.464Z] Performing system check...
[2025-09-16T04:18:30.466Z] Found active HRM server on port 45678
[2025-09-16T04:19:32.021Z] Performing system check...
[2025-09-16T04:19:32.024Z] Found active HRM server on port 45678
[2025-09-16T04:20:33.621Z] Performing system check...
[2025-09-16T04:20:33.624Z] Found active HRM server on port 45678
[2025-09-16T04:21:34.975Z] Performing system check...
[2025-09-16T04:21:34.978Z] Found active HRM server on port 45678
[2025-09-16T04:22:36.353Z] Performing system check...
[2025-09-16T04:22:36.355Z] Found active HRM server on port 45678
[2025-09-16T04:23:37.753Z] Performing system check...
[2025-09-16T04:23:37.756Z] Found active HRM server on port 45678
[2025-09-16T04:24:39.065Z] Performing system check...
[2025-09-16T04:24:39.069Z] Found active HRM server on port 45678
[2025-09-16T04:25:40.716Z] Performing system check...
[2025-09-16T04:25:40.719Z] Found active HRM server on port 45678
[2025-09-16T04:26:42.312Z] Performing system check...
[2025-09-16T04:26:42.315Z] Found active HRM server on port 45678
[2025-09-16T04:27:43.963Z] Performing system check...
[2025-09-16T04:27:43.965Z] Found active HRM server on port 45678
[2025-09-16T04:28:45.441Z] Performing system check...
[2025-09-16T04:28:45.444Z] Found active HRM server on port 45678
[2025-09-16T04:29:46.903Z] Performing system check...
[2025-09-16T04:29:46.905Z] Found active HRM server on port 45678
[2025-09-16T04:30:48.418Z] Performing system check...
[2025-09-16T04:30:48.421Z] Found active HRM server on port 45678
[2025-09-16T04:31:49.903Z] Performing system check...
[2025-09-16T04:31:49.906Z] Found active HRM server on port 45678
[2025-09-16T04:32:51.391Z] Performing system check...
[2025-09-16T04:32:51.393Z] Found active HRM server on port 45678
[2025-09-16T04:33:52.822Z] Performing system check...
[2025-09-16T04:33:52.824Z] Found active HRM server on port 45678
[2025-09-16T04:34:54.326Z] Performing system check...
[2025-09-16T04:34:54.329Z] Found active HRM server on port 45678
[2025-09-16T04:35:55.841Z] Performing system check...
[2025-09-16T04:35:55.843Z] Found active HRM server on port 45678
[2025-09-16T04:36:57.186Z] Performing system check...
[2025-09-16T04:36:57.189Z] Found active HRM server on port 45678
[2025-09-16T04:37:58.671Z] Performing system check...
[2025-09-16T04:37:58.673Z] Found active HRM server on port 45678
[2025-09-16T04:39:00.391Z] Performing system check...
[2025-09-16T04:39:00.394Z] Found active HRM server on port 45678
[2025-09-16T04:40:01.799Z] Performing system check...
[2025-09-16T04:40:01.801Z] Found active HRM server on port 45678
[2025-09-16T04:41:03.306Z] Performing system check...
[2025-09-16T04:41:03.309Z] Found active HRM server on port 45678
[2025-09-16T04:42:04.593Z] Performing system check...
[2025-09-16T04:42:04.595Z] Found active HRM server on port 45678
[2025-09-16T04:43:06.278Z] Performing system check...
[2025-09-16T04:43:06.280Z] Found active HRM server on port 45678
[2025-09-16T04:44:07.745Z] Performing system check...
[2025-09-16T04:44:07.748Z] Found active HRM server on port 45678
[2025-09-16T04:45:09.312Z] Performing system check...
[2025-09-16T04:45:09.315Z] Found active HRM server on port 45678
[2025-09-16T04:46:10.881Z] Performing system check...
[2025-09-16T04:46:10.885Z] Found active HRM server on port 45678
[2025-09-16T04:47:12.308Z] Performing system check...
[2025-09-16T04:47:12.311Z] Found active HRM server on port 45678
[2025-09-16T04:48:13.797Z] Performing system check...
[2025-09-16T04:48:13.800Z] Found active HRM server on port 45678
[2025-09-16T04:49:15.391Z] Performing system check...
[2025-09-16T04:49:15.393Z] Found active HRM server on port 45678
[2025-09-16T04:50:16.765Z] Performing system check...
[2025-09-16T04:50:16.768Z] Found active HRM server on port 45678
[2025-09-16T04:51:18.148Z] Performing system check...
[2025-09-16T04:51:18.150Z] Found active HRM server on port 45678
[2025-09-16T04:52:19.733Z] Performing system check...
[2025-09-16T04:52:19.735Z] Found active HRM server on port 45678
[2025-09-16T04:53:21.266Z] Performing system check...
[2025-09-16T04:53:21.269Z] Found active HRM server on port 45678
[2025-09-16T04:54:22.782Z] Performing system check...
[2025-09-16T04:54:22.784Z] Found active HRM server on port 45678
[2025-09-16T04:55:24.370Z] Performing system check...
[2025-09-16T04:55:24.373Z] Found active HRM server on port 45678
[2025-09-16T04:56:25.742Z] Performing system check...
[2025-09-16T04:56:25.745Z] Found active HRM server on port 45678
[2025-09-16T04:57:27.115Z] Performing system check...
[2025-09-16T04:57:27.118Z] Found active HRM server on port 45678
[2025-09-16T04:58:28.508Z] Performing system check...
[2025-09-16T04:58:28.511Z] Found active HRM server on port 45678
[2025-09-16T04:59:30.004Z] Performing system check...
[2025-09-16T04:59:30.006Z] Found active HRM server on port 45678
[2025-09-16T05:00:31.478Z] Performing system check...
[2025-09-16T05:00:31.481Z] Found active HRM server on port 45678
[2025-09-16T05:01:32.935Z] Performing system check...
[2025-09-16T05:01:32.938Z] Found active HRM server on port 45678
[2025-09-16T05:02:34.574Z] Performing system check...
[2025-09-16T05:02:34.577Z] Found active HRM server on port 45678
[2025-09-16T05:03:35.975Z] Performing system check...
[2025-09-16T05:03:35.978Z] Found active HRM server on port 45678
[2025-09-16T05:04:37.316Z] Performing system check...
[2025-09-16T05:04:37.318Z] Found active HRM server on port 45678
[2025-09-16T05:05:38.813Z] Performing system check...
[2025-09-16T05:05:38.815Z] Found active HRM server on port 45678
[2025-09-16T05:06:40.309Z] Performing system check...
[2025-09-16T05:06:40.312Z] Found active HRM server on port 45678
[2025-09-16T05:07:41.795Z] Performing system check...
[2025-09-16T05:07:41.797Z] Found active HRM server on port 45678
[2025-09-16T05:08:43.375Z] Performing system check...
[2025-09-16T05:08:43.377Z] Found active HRM server on port 45678
[2025-09-16T05:09:44.845Z] Performing system check...
[2025-09-16T05:09:44.848Z] Found active HRM server on port 45678
[2025-09-16T05:10:46.273Z] Performing system check...
[2025-09-16T05:10:46.276Z] Found active HRM server on port 45678
[2025-09-16T05:11:47.707Z] Performing system check...
[2025-09-16T05:11:47.710Z] Found active HRM server on port 45678
[2025-09-16T05:12:49.110Z] Performing system check...
[2025-09-16T05:12:49.113Z] Found active HRM server on port 45678
[2025-09-16T05:13:50.591Z] Performing system check...
[2025-09-16T05:13:50.593Z] Found active HRM server on port 45678
[2025-09-16T05:14:52.032Z] Performing system check...
[2025-09-16T05:14:52.035Z] Found active HRM server on port 45678
[2025-09-16T05:15:53.541Z] Performing system check...
[2025-09-16T05:15:53.544Z] Found active HRM server on port 45678
[2025-09-16T05:16:54.859Z] Performing system check...
[2025-09-16T05:16:54.861Z] Found active HRM server on port 45678
[2025-09-16T05:17:56.365Z] Performing system check...
[2025-09-16T05:17:56.368Z] Found active HRM server on port 45678
[2025-09-16T05:18:57.718Z] Performing system check...
[2025-09-16T05:18:57.721Z] Found active HRM server on port 45678
[2025-09-16T05:19:59.097Z] Performing system check...
[2025-09-16T05:19:59.100Z] Found active HRM server on port 45678
[2025-09-16T05:21:00.659Z] Performing system check...
[2025-09-16T05:21:00.661Z] Found active HRM server on port 45678
[2025-09-16T05:22:02.196Z] Performing system check...
[2025-09-16T05:22:02.199Z] Found active HRM server on port 45678
[2025-09-16T05:23:03.707Z] Performing system check...
[2025-09-16T05:23:03.710Z] Found active HRM server on port 45678
[2025-09-16T05:24:05.246Z] Performing system check...
[2025-09-16T05:24:05.248Z] Found active HRM server on port 45678
[2025-09-16T05:25:06.897Z] Performing system check...
[2025-09-16T05:25:06.900Z] Found active HRM server on port 45678
[2025-09-16T05:26:08.325Z] Performing system check...
[2025-09-16T05:26:08.328Z] Found active HRM server on port 45678
[2025-09-16T05:27:09.806Z] Performing system check...
[2025-09-16T05:27:09.808Z] Found active HRM server on port 45678
[2025-09-16T05:28:11.220Z] Performing system check...
[2025-09-16T05:28:11.222Z] Found active HRM server on port 45678
[2025-09-16T05:29:12.543Z] Performing system check...
[2025-09-16T05:29:12.546Z] Found active HRM server on port 45678
[2025-09-16T05:30:14.239Z] Performing system check...
[2025-09-16T05:30:14.242Z] Found active HRM server on port 45678
[2025-09-16T05:31:15.631Z] Performing system check...
[2025-09-16T05:31:15.633Z] Found active HRM server on port 45678
[2025-09-16T05:32:17.035Z] Performing system check...
[2025-09-16T05:32:17.037Z] Found active HRM server on port 45678
[2025-09-16T05:33:18.398Z] Performing system check...
[2025-09-16T05:33:18.400Z] Found active HRM server on port 45678
[2025-09-16T05:34:19.977Z] Performing system check...
[2025-09-16T05:34:19.979Z] Found active HRM server on port 45678
[2025-09-16T05:35:21.494Z] Performing system check...
[2025-09-16T05:35:21.496Z] Found active HRM server on port 45678
[2025-09-16T05:36:22.968Z] Performing system check...
[2025-09-16T05:36:22.971Z] Found active HRM server on port 45678
[2025-09-16T05:37:24.494Z] Performing system check...
[2025-09-16T05:37:24.497Z] Found active HRM server on port 45678
[2025-09-16T05:38:25.913Z] Performing system check...
[2025-09-16T05:38:25.916Z] Found active HRM server on port 45678
[2025-09-16T05:39:27.151Z] Performing system check...
[2025-09-16T05:39:27.153Z] Found active HRM server on port 45678
[2025-09-16T05:40:28.774Z] Performing system check...
[2025-09-16T05:40:28.776Z] Found active HRM server on port 45678
[2025-09-16T05:41:30.191Z] Performing system check...
[2025-09-16T05:41:30.193Z] Found active HRM server on port 45678
[2025-09-16T05:42:31.642Z] Performing system check...
[2025-09-16T05:42:31.645Z] Found active HRM server on port 45678
[2025-09-16T05:43:33.323Z] Performing system check...
[2025-09-16T05:43:33.326Z] Found active HRM server on port 45678
[2025-09-16T05:44:35.000Z] Performing system check...
[2025-09-16T05:44:35.003Z] Found active HRM server on port 45678
[2025-09-16T05:45:36.581Z] Performing system check...
[2025-09-16T05:45:36.584Z] Found active HRM server on port 45678
[2025-09-16T05:46:37.973Z] Performing system check...
[2025-09-16T05:46:37.975Z] Found active HRM server on port 45678
[2025-09-16T05:47:39.339Z] Performing system check...
[2025-09-16T05:47:39.342Z] Found active HRM server on port 45678
[2025-09-16T05:48:41.002Z] Performing system check...
[2025-09-16T05:48:41.004Z] Found active HRM server on port 45678
[2025-09-16T05:49:42.524Z] Performing system check...
[2025-09-16T05:49:42.527Z] Found active HRM server on port 45678
[2025-09-16T05:50:44.280Z] Performing system check...
[2025-09-16T05:50:44.282Z] Found active HRM server on port 45678
[2025-09-16T05:51:45.760Z] Performing system check...
[2025-09-16T05:51:45.763Z] Found active HRM server on port 45678
[2025-09-16T05:52:47.352Z] Performing system check...
[2025-09-16T05:52:47.354Z] Found active HRM server on port 45678
[2025-09-16T05:53:48.764Z] Performing system check...
[2025-09-16T05:53:48.767Z] Found active HRM server on port 45678
[2025-09-16T05:54:50.141Z] Performing system check...
[2025-09-16T05:54:50.144Z] Found active HRM server on port 45678
[2025-09-16T05:55:51.615Z] Performing system check...
[2025-09-16T05:55:51.617Z] Found active HRM server on port 45678
[2025-09-16T05:56:53.153Z] Performing system check...
[2025-09-16T05:56:53.156Z] Found active HRM server on port 45678
[2025-09-16T05:57:54.775Z] Performing system check...
[2025-09-16T05:57:54.778Z] Found active HRM server on port 45678
[2025-09-16T05:58:56.243Z] Performing system check...
[2025-09-16T05:58:56.246Z] Found active HRM server on port 45678
[2025-09-16T05:59:57.866Z] Performing system check...
[2025-09-16T05:59:57.868Z] Found active HRM server on port 45678
[2025-09-16T06:00:59.382Z] Performing system check...
[2025-09-16T06:00:59.384Z] Found active HRM server on port 45678
[2025-09-16T06:02:00.951Z] Performing system check...
[2025-09-16T06:02:00.953Z] Found active HRM server on port 45678
[2025-09-16T06:03:02.273Z] Performing system check...
[2025-09-16T06:03:02.276Z] Found active HRM server on port 45678
[2025-09-16T06:04:03.657Z] Performing system check...
[2025-09-16T06:04:03.660Z] Found active HRM server on port 45678
[2025-09-16T06:05:05.347Z] Performing system check...
[2025-09-16T06:05:05.349Z] Found active HRM server on port 45678
[2025-09-16T06:06:06.904Z] Performing system check...
[2025-09-16T06:06:06.906Z] Found active HRM server on port 45678
[2025-09-16T06:07:08.295Z] Performing system check...
[2025-09-16T06:07:08.298Z] Found active HRM server on port 45678
[2025-09-16T06:08:09.747Z] Performing system check...
[2025-09-16T06:08:09.749Z] Found active HRM server on port 45678
[2025-09-16T06:09:11.445Z] Performing system check...
[2025-09-16T06:09:11.447Z] Found active HRM server on port 45678
[2025-09-16T06:10:12.963Z] Performing system check...
[2025-09-16T06:10:12.967Z] Found active HRM server on port 45678
[2025-09-16T06:11:14.539Z] Performing system check...
[2025-09-16T06:11:14.542Z] Found active HRM server on port 45678
[2025-09-16T06:12:16.054Z] Performing system check...
[2025-09-16T06:12:16.057Z] Found active HRM server on port 45678
[2025-09-16T06:13:17.561Z] Performing system check...
[2025-09-16T06:13:17.564Z] Found active HRM server on port 45678
[2025-09-16T06:14:19.014Z] Performing system check...
[2025-09-16T06:14:19.017Z] Found active HRM server on port 45678
[2025-09-16T06:15:20.589Z] Performing system check...
[2025-09-16T06:15:20.592Z] Found active HRM server on port 45678
[2025-09-16T06:16:22.161Z] Performing system check...
[2025-09-16T06:16:22.164Z] Found active HRM server on port 45678
[2025-09-16T06:17:23.742Z] Performing system check...
[2025-09-16T06:17:23.745Z] Found active HRM server on port 45678
[2025-09-16T06:18:25.172Z] Performing system check...
[2025-09-16T06:18:25.175Z] Found active HRM server on port 45678
[2025-09-16T06:19:26.718Z] Performing system check...
[2025-09-16T06:19:26.721Z] Found active HRM server on port 45678
[2025-09-16T06:20:28.197Z] Performing system check...
[2025-09-16T06:20:28.200Z] Found active HRM server on port 45678
[2025-09-16T06:21:29.491Z] Performing system check...
[2025-09-16T06:21:29.493Z] Found active HRM server on port 45678
[2025-09-16T06:22:31.080Z] Performing system check...
[2025-09-16T06:22:31.082Z] Found active HRM server on port 45678
[2025-09-16T06:23:32.393Z] Performing system check...
[2025-09-16T06:23:32.396Z] Found active HRM server on port 45678
[2025-09-16T06:24:33.685Z] Performing system check...
[2025-09-16T06:24:33.688Z] Found active HRM server on port 45678
[2025-09-16T06:25:35.189Z] Performing system check...
[2025-09-16T06:25:35.191Z] Found active HRM server on port 45678
[2025-09-16T06:26:36.757Z] Performing system check...
[2025-09-16T06:26:36.760Z] Found active HRM server on port 45678
[2025-09-16T06:27:38.387Z] Performing system check...
[2025-09-16T06:27:38.390Z] Found active HRM server on port 45678
[2025-09-16T06:28:39.747Z] Performing system check...
[2025-09-16T06:28:39.750Z] Found active HRM server on port 45678
[2025-09-16T06:29:41.249Z] Performing system check...
[2025-09-16T06:29:41.251Z] Found active HRM server on port 45678
[2025-09-16T06:30:42.850Z] Performing system check...
[2025-09-16T06:30:42.853Z] Found active HRM server on port 45678
[2025-09-16T06:31:44.263Z] Performing system check...
[2025-09-16T06:31:44.266Z] Found active HRM server on port 45678
[2025-09-16T06:32:46.044Z] Performing system check...
[2025-09-16T06:32:46.046Z] Found active HRM server on port 45678
[2025-09-16T06:33:47.566Z] Performing system check...
[2025-09-16T06:33:47.570Z] Found active HRM server on port 45678
[2025-09-16T06:34:49.059Z] Performing system check...
[2025-09-16T06:34:49.061Z] Found active HRM server on port 45678
[2025-09-16T06:35:50.531Z] Performing system check...
[2025-09-16T06:35:50.534Z] Found active HRM server on port 45678
[2025-09-16T06:36:52.154Z] Performing system check...
[2025-09-16T06:36:52.156Z] Found active HRM server on port 45678
[2025-09-16T06:37:53.666Z] Performing system check...
[2025-09-16T06:37:53.668Z] Found active HRM server on port 45678
[2025-09-16T06:38:55.204Z] Performing system check...
[2025-09-16T06:38:55.206Z] Found active HRM server on port 45678
[2025-09-16T06:39:56.636Z] Performing system check...
[2025-09-16T06:39:56.639Z] Found active HRM server on port 45678
[2025-09-16T06:40:58.165Z] Performing system check...
[2025-09-16T06:40:58.168Z] Found active HRM server on port 45678
[2025-09-16T06:41:59.835Z] Performing system check...
[2025-09-16T06:41:59.838Z] Found active HRM server on port 45678
[2025-09-16T06:43:01.477Z] Performing system check...
[2025-09-16T06:43:01.479Z] Found active HRM server on port 45678
[2025-09-16T06:44:03.118Z] Performing system check...
[2025-09-16T06:44:03.121Z] Found active HRM server on port 45678
[2025-09-16T06:45:04.574Z] Performing system check...
[2025-09-16T06:45:04.576Z] Found active HRM server on port 45678
[2025-09-16T06:46:06.194Z] Performing system check...
[2025-09-16T06:46:06.196Z] Found active HRM server on port 45678
[2025-09-16T06:47:07.801Z] Performing system check...
[2025-09-16T06:47:07.803Z] Found active HRM server on port 45678
[2025-09-16T06:48:09.476Z] Performing system check...
[2025-09-16T06:48:09.479Z] Found active HRM server on port 45678
[2025-09-16T06:49:11.114Z] Performing system check...
[2025-09-16T06:49:11.117Z] Found active HRM server on port 45678
[2025-09-16T06:50:12.538Z] Performing system check...
[2025-09-16T06:50:12.540Z] Found active HRM server on port 45678
[2025-09-16T06:51:14.128Z] Performing system check...
[2025-09-16T06:51:14.130Z] Found active HRM server on port 45678
[2025-09-16T06:52:15.625Z] Performing system check...
[2025-09-16T06:52:15.628Z] Found active HRM server on port 45678
[2025-09-16T06:53:17.273Z] Performing system check...
[2025-09-16T06:53:17.276Z] Found active HRM server on port 45678
[2025-09-16T06:54:18.906Z] Performing system check...
[2025-09-16T06:54:18.909Z] Found active HRM server on port 45678
[2025-09-16T06:55:20.492Z] Performing system check...
[2025-09-16T06:55:20.494Z] Found active HRM server on port 45678
[2025-09-16T06:56:22.074Z] Performing system check...
[2025-09-16T06:56:22.076Z] Found active HRM server on port 45678
[2025-09-16T06:57:23.554Z] Performing system check...
[2025-09-16T06:57:23.557Z] Found active HRM server on port 45678
[2025-09-16T06:58:25.027Z] Performing system check...
[2025-09-16T06:58:25.030Z] Found active HRM server on port 45678
[2025-09-16T06:59:26.671Z] Performing system check...
[2025-09-16T06:59:26.674Z] Found active HRM server on port 45678
[2025-09-16T07:00:28.108Z] Performing system check...
[2025-09-16T07:00:28.111Z] Found active HRM server on port 45678
[2025-09-16T07:01:29.521Z] Performing system check...
[2025-09-16T07:01:29.524Z] Found active HRM server on port 45678
[2025-09-16T07:02:30.887Z] Performing system check...
[2025-09-16T07:02:30.890Z] Found active HRM server on port 45678
[2025-09-16T07:03:32.279Z] Performing system check...
[2025-09-16T07:03:32.282Z] Found active HRM server on port 45678
[2025-09-16T07:04:33.909Z] Performing system check...
[2025-09-16T07:04:33.912Z] Found active HRM server on port 45678
[2025-09-16T07:05:35.309Z] Performing system check...
[2025-09-16T07:05:35.311Z] Found active HRM server on port 45678
[2025-09-16T07:06:36.701Z] Performing system check...
[2025-09-16T07:06:36.704Z] Found active HRM server on port 45678
[2025-09-16T07:07:38.124Z] Performing system check...
[2025-09-16T07:07:38.126Z] Found active HRM server on port 45678
[2025-09-16T07:08:39.601Z] Performing system check...
[2025-09-16T07:08:39.604Z] Found active HRM server on port 45678
[2025-09-16T07:09:41.186Z] Performing system check...
[2025-09-16T07:09:41.188Z] Found active HRM server on port 45678
[2025-09-16T07:10:42.856Z] Performing system check...
[2025-09-16T07:10:42.858Z] Found active HRM server on port 45678
[2025-09-16T07:11:44.435Z] Performing system check...
[2025-09-16T07:11:44.437Z] Found active HRM server on port 45678
[2025-09-16T07:12:46.022Z] Performing system check...
[2025-09-16T07:12:46.024Z] Found active HRM server on port 45678
[2025-09-16T07:13:47.674Z] Performing system check...
[2025-09-16T07:13:47.676Z] Found active HRM server on port 45678
[2025-09-16T07:14:49.237Z] Performing system check...
[2025-09-16T07:14:49.239Z] Found active HRM server on port 45678
[2025-09-16T07:15:51.052Z] Performing system check...
[2025-09-16T07:15:51.055Z] Found active HRM server on port 45678
[2025-09-16T07:16:52.468Z] Performing system check...
[2025-09-16T07:16:52.470Z] Found active HRM server on port 45678
[2025-09-16T07:17:54.207Z] Performing system check...
[2025-09-16T07:17:54.210Z] Found active HRM server on port 45678
[2025-09-16T07:18:55.795Z] Performing system check...
[2025-09-16T07:18:55.798Z] Found active HRM server on port 45678
[2025-09-16T07:19:57.384Z] Performing system check...
[2025-09-16T07:19:57.387Z] Found active HRM server on port 45678
[2025-09-16T07:20:59.034Z] Performing system check...
[2025-09-16T07:20:59.037Z] Found active HRM server on port 45678
[2025-09-16T07:22:00.623Z] Performing system check...
[2025-09-16T07:22:00.625Z] Found active HRM server on port 45678
[2025-09-16T07:23:02.006Z] Performing system check...
[2025-09-16T07:23:02.008Z] Found active HRM server on port 45678
[2025-09-16T07:24:03.431Z] Performing system check...
[2025-09-16T07:24:03.434Z] Found active HRM server on port 45678
[2025-09-16T07:25:04.887Z] Performing system check...
[2025-09-16T07:25:04.889Z] Found active HRM server on port 45678
[2025-09-16T07:26:06.572Z] Performing system check...
[2025-09-16T07:26:06.574Z] Found active HRM server on port 45678
[2025-09-16T07:27:07.986Z] Performing system check...
[2025-09-16T07:27:07.988Z] Found active HRM server on port 45678
[2025-09-16T07:28:09.676Z] Performing system check...
[2025-09-16T07:28:09.678Z] Found active HRM server on port 45678
[2025-09-16T07:29:11.324Z] Performing system check...
[2025-09-16T07:29:11.327Z] Found active HRM server on port 45678
[2025-09-16T07:30:12.978Z] Performing system check...
[2025-09-16T07:30:12.980Z] Found active HRM server on port 45678
[2025-09-16T07:31:14.476Z] Performing system check...
[2025-09-16T07:31:14.479Z] Found active HRM server on port 45678
[2025-09-16T07:32:15.952Z] Performing system check...
[2025-09-16T07:32:15.954Z] Found active HRM server on port 45678
[2025-09-16T07:33:17.626Z] Performing system check...
[2025-09-16T07:33:17.628Z] Found active HRM server on port 45678
[2025-09-16T07:34:18.998Z] Performing system check...
[2025-09-16T07:34:19.001Z] Found active HRM server on port 45678
[2025-09-16T07:35:20.441Z] Performing system check...
[2025-09-16T07:35:20.443Z] Found active HRM server on port 45678
[2025-09-16T07:36:21.927Z] Performing system check...
[2025-09-16T07:36:21.929Z] Found active HRM server on port 45678
[2025-09-16T07:37:23.517Z] Performing system check...
[2025-09-16T07:37:23.520Z] Found active HRM server on port 45678
[2025-09-16T07:38:25.027Z] Performing system check...
[2025-09-16T07:38:25.030Z] Found active HRM server on port 45678
[2025-09-16T07:39:26.459Z] Performing system check...
[2025-09-16T07:39:26.461Z] Found active HRM server on port 45678
[2025-09-16T07:40:27.878Z] Performing system check...
[2025-09-16T07:40:27.880Z] Found active HRM server on port 45678
[2025-09-16T07:41:29.253Z] Performing system check...
[2025-09-16T07:41:29.256Z] Found active HRM server on port 45678
[2025-09-16T07:42:30.659Z] Performing system check...
[2025-09-16T07:42:30.661Z] Found active HRM server on port 45678
[2025-09-16T07:43:32.074Z] Performing system check...
[2025-09-16T07:43:32.077Z] Found active HRM server on port 45678
[2025-09-16T07:44:33.527Z] Performing system check...
[2025-09-16T07:44:33.529Z] Found active HRM server on port 45678
[2025-09-16T07:45:35.078Z] Performing system check...
[2025-09-16T07:45:35.080Z] Found active HRM server on port 45678
[2025-09-16T07:46:36.706Z] Performing system check...
[2025-09-16T07:46:36.708Z] Found active HRM server on port 45678
[2025-09-16T07:47:38.495Z] Performing system check...
[2025-09-16T07:47:38.497Z] Found active HRM server on port 45678
[2025-09-16T07:48:40.084Z] Performing system check...
[2025-09-16T07:48:40.087Z] Found active HRM server on port 45678
[2025-09-16T07:49:41.859Z] Performing system check...
[2025-09-16T07:49:41.861Z] Found active HRM server on port 45678
[2025-09-16T07:50:43.435Z] Performing system check...
[2025-09-16T07:50:43.437Z] Found active HRM server on port 45678
[2025-09-16T07:51:45.078Z] Performing system check...
[2025-09-16T07:51:45.081Z] Found active HRM server on port 45678
[2025-09-16T07:52:46.572Z] Performing system check...
[2025-09-16T07:52:46.574Z] Found active HRM server on port 45678
[2025-09-16T07:53:47.985Z] Performing system check...
[2025-09-16T07:53:47.988Z] Found active HRM server on port 45678
[2025-09-16T07:54:49.579Z] Performing system check...
[2025-09-16T07:54:49.582Z] Found active HRM server on port 45678
[2025-09-16T07:55:51.007Z] Performing system check...
[2025-09-16T07:55:51.011Z] Found active HRM server on port 45678
[2025-09-16T07:56:52.418Z] Performing system check...
[2025-09-16T07:56:52.420Z] Found active HRM server on port 45678
[2025-09-16T07:57:53.910Z] Performing system check...
[2025-09-16T07:57:53.912Z] Found active HRM server on port 45678
[2025-09-16T07:58:55.614Z] Performing system check...
[2025-09-16T07:58:55.617Z] Found active HRM server on port 45678
[2025-09-16T07:59:57.114Z] Performing system check...
[2025-09-16T07:59:57.117Z] Found active HRM server on port 45678
[2025-09-16T08:00:58.852Z] Performing system check...
[2025-09-16T08:00:58.855Z] Found active HRM server on port 45678
[2025-09-16T08:02:00.312Z] Performing system check...
[2025-09-16T08:02:00.314Z] Found active HRM server on port 45678
[2025-09-16T08:03:01.761Z] Performing system check...
[2025-09-16T08:03:01.765Z] Found active HRM server on port 45678
[2025-09-16T08:04:03.569Z] Performing system check...
[2025-09-16T08:04:03.572Z] Found active HRM server on port 45678
[2025-09-16T08:05:05.125Z] Performing system check...
[2025-09-16T08:05:05.127Z] Found active HRM server on port 45678
[2025-09-16T08:06:06.675Z] Performing system check...
[2025-09-16T08:06:06.679Z] Found active HRM server on port 45678
[2025-09-16T08:07:08.323Z] Performing system check...
[2025-09-16T08:07:08.327Z] Found active HRM server on port 45678
[2025-09-16T08:08:09.970Z] Performing system check...
[2025-09-16T08:08:09.973Z] Found active HRM server on port 45678
[2025-09-16T08:09:11.639Z] Performing system check...
[2025-09-16T08:09:11.642Z] Found active HRM server on port 45678
[2025-09-16T08:10:13.172Z] Performing system check...
[2025-09-16T08:10:13.175Z] Found active HRM server on port 45678
[2025-09-16T08:11:14.645Z] Performing system check...
[2025-09-16T08:11:14.648Z] Found active HRM server on port 45678
[2025-09-16T08:12:16.192Z] Performing system check...
[2025-09-16T08:12:16.195Z] Found active HRM server on port 45678
[2025-09-16T08:13:17.697Z] Performing system check...
[2025-09-16T08:13:17.699Z] Found active HRM server on port 45678
[2025-09-16T08:14:19.260Z] Performing system check...
[2025-09-16T08:14:19.264Z] Found active HRM server on port 45678
[2025-09-16T08:15:20.832Z] Performing system check...
[2025-09-16T08:15:20.835Z] Found active HRM server on port 45678
[2025-09-16T08:16:22.594Z] Performing system check...
[2025-09-16T08:16:22.597Z] Found active HRM server on port 45678
[2025-09-16T08:17:23.950Z] Performing system check...
[2025-09-16T08:17:23.953Z] Found active HRM server on port 45678
[2025-09-16T08:18:25.549Z] Performing system check...
[2025-09-16T08:18:25.552Z] Found active HRM server on port 45678
[2025-09-16T08:19:26.947Z] Performing system check...
[2025-09-16T08:19:26.949Z] Found active HRM server on port 45678
[2025-09-16T08:20:28.730Z] Performing system check...
[2025-09-16T08:20:28.733Z] Found active HRM server on port 45678
[2025-09-16T08:21:30.493Z] Performing system check...
[2025-09-16T08:21:30.496Z] Found active HRM server on port 45678
[2025-09-16T08:22:32.087Z] Performing system check...
[2025-09-16T08:22:32.089Z] Found active HRM server on port 45678
[2025-09-16T08:23:33.697Z] Performing system check...
[2025-09-16T08:23:33.700Z] Found active HRM server on port 45678
[2025-09-16T08:24:35.339Z] Performing system check...
[2025-09-16T08:24:35.341Z] Found active HRM server on port 45678
[2025-09-16T08:25:36.611Z] Performing system check...
[2025-09-16T08:25:36.614Z] Found active HRM server on port 45678
[2025-09-16T11:44:27.737Z] Performing system check...
[2025-09-16T11:44:28.189Z] Found active HRM server on port 45678
[2025-09-16T11:45:31.707Z] Performing system check...
[2025-09-16T11:45:31.709Z] Found active HRM server on port 45678
[2025-09-16T11:46:33.038Z] Performing system check...
[2025-09-16T11:46:33.040Z] Found active HRM server on port 45678
[2025-09-16T11:47:34.769Z] Performing system check...
[2025-09-16T11:47:34.771Z] Found active HRM server on port 45678
[2025-09-16T11:48:36.204Z] Performing system check...
[2025-09-16T11:48:36.206Z] Found active HRM server on port 45678
[2025-09-16T11:49:37.722Z] Performing system check...
[2025-09-16T11:49:37.724Z] Found active HRM server on port 45678
[2025-09-16T11:50:39.175Z] Performing system check...
[2025-09-16T11:50:39.178Z] Found active HRM server on port 45678
[2025-09-16T11:51:40.803Z] Performing system check...
[2025-09-16T11:51:40.806Z] Found active HRM server on port 45678
[2025-09-16T11:52:42.542Z] Performing system check...
[2025-09-16T11:52:42.544Z] Found active HRM server on port 45678
[2025-09-16T11:53:44.215Z] Performing system check...
[2025-09-16T11:53:44.217Z] Found active HRM server on port 45678
[2025-09-16T11:54:46.035Z] Performing system check...
[2025-09-16T11:54:46.037Z] Found active HRM server on port 45678
[2025-09-16T11:55:47.728Z] Performing system check...
[2025-09-16T11:55:47.729Z] Found active HRM server on port 45678
[2025-09-16T11:56:49.442Z] Performing system check...
[2025-09-16T11:56:49.444Z] Found active HRM server on port 45678
[2025-09-16T11:57:50.751Z] Performing system check...
[2025-09-16T11:57:50.752Z] Found active HRM server on port 45678
[2025-09-16T11:58:52.093Z] Performing system check...
[2025-09-16T11:58:52.096Z] Found active HRM server on port 45678
[2025-09-16T11:59:53.454Z] Performing system check...
[2025-09-16T11:59:53.457Z] Found active HRM server on port 45678
[2025-09-16T12:00:54.766Z] Performing system check...
[2025-09-16T12:00:54.768Z] Found active HRM server on port 45678
[2025-09-16T12:01:55.990Z] Performing system check...
[2025-09-16T12:01:55.993Z] Found active HRM server on port 45678
[2025-09-16T12:02:57.196Z] Performing system check...
[2025-09-16T12:02:57.198Z] Found active HRM server on port 45678
[2025-09-16T12:03:58.796Z] Performing system check...
[2025-09-16T12:03:58.798Z] Found active HRM server on port 45678
[2025-09-16T12:05:00.142Z] Performing system check...
[2025-09-16T12:05:00.144Z] Found active HRM server on port 45678
[2025-09-16T12:06:01.571Z] Performing system check...
[2025-09-16T12:06:01.573Z] Found active HRM server on port 45678
[2025-09-16T12:07:03.464Z] Performing system check...
[2025-09-16T12:07:03.467Z] Found active HRM server on port 45678
[2025-09-16T12:08:05.286Z] Performing system check...
[2025-09-16T12:08:05.288Z] Found active HRM server on port 45678
[2025-09-16T12:09:06.928Z] Performing system check...
[2025-09-16T12:09:06.931Z] Found active HRM server on port 45678
[2025-09-16T12:10:08.635Z] Performing system check...
[2025-09-16T12:10:08.637Z] Found active HRM server on port 45678
[2025-09-16T12:11:10.364Z] Performing system check...
[2025-09-16T12:11:10.367Z] Found active HRM server on port 45678
[2025-09-16T12:12:12.040Z] Performing system check...
[2025-09-16T12:12:12.043Z] Found active HRM server on port 45678
[2025-09-16T12:13:13.772Z] Performing system check...
[2025-09-16T12:13:13.774Z] Found active HRM server on port 45678
[2025-09-16T12:14:15.567Z] Performing system check...
[2025-09-16T12:14:15.570Z] Found active HRM server on port 45678
[2025-09-16T12:15:17.267Z] Performing system check...
[2025-09-16T12:15:17.269Z] Found active HRM server on port 45678
[2025-09-16T12:16:18.934Z] Performing system check...
[2025-09-16T12:16:18.936Z] Found active HRM server on port 45678
[2025-09-16T12:17:20.659Z] Performing system check...
[2025-09-16T12:17:20.662Z] Found active HRM server on port 45678
[2025-09-16T12:18:22.306Z] Performing system check...
[2025-09-16T12:18:22.308Z] Found active HRM server on port 45678
[2025-09-16T12:19:23.977Z] Performing system check...
[2025-09-16T12:19:23.982Z] Found active HRM server on port 45678
[2025-09-16T12:20:25.530Z] Performing system check...
[2025-09-16T12:20:25.533Z] Found active HRM server on port 45678
[2025-09-16T12:21:27.205Z] Performing system check...
[2025-09-16T12:21:27.207Z] Found active HRM server on port 45678
[2025-09-16T12:22:28.917Z] Performing system check...
[2025-09-16T12:22:28.920Z] Found active HRM server on port 45678
[2025-09-16T12:23:30.829Z] Performing system check...
[2025-09-16T12:23:30.832Z] Found active HRM server on port 45678
[2025-09-16T12:24:32.309Z] Performing system check...
[2025-09-16T12:24:32.315Z] Found active HRM server on port 45678
[2025-09-16T12:25:33.893Z] Performing system check...
[2025-09-16T12:25:33.899Z] Found active HRM server on port 45678
[2025-09-16T12:26:35.494Z] Performing system check...
[2025-09-16T12:26:35.497Z] Found active HRM server on port 45678
[2025-09-16T12:27:37.179Z] Performing system check...
[2025-09-16T12:27:37.184Z] Found active HRM server on port 45678
[2025-09-16T12:28:38.716Z] Performing system check...
[2025-09-16T12:28:38.718Z] Found active HRM server on port 45678
[2025-09-16T12:29:40.092Z] Performing system check...
[2025-09-16T12:29:40.094Z] Found active HRM server on port 45678
[2025-09-16T12:30:41.757Z] Performing system check...
[2025-09-16T12:30:41.759Z] Found active HRM server on port 45678
[2025-09-16T12:31:43.317Z] Performing system check...
[2025-09-16T12:31:43.319Z] Found active HRM server on port 45678
[2025-09-16T12:32:45.141Z] Performing system check...
[2025-09-16T12:32:45.146Z] Found active HRM server on port 45678
[2025-09-16T12:33:46.709Z] Performing system check...
[2025-09-16T12:33:46.711Z] Found active HRM server on port 45678
[2025-09-16T12:34:48.405Z] Performing system check...
[2025-09-16T12:34:48.407Z] Found active HRM server on port 45678
[2025-09-16T12:35:50.127Z] Performing system check...
[2025-09-16T12:35:50.130Z] Found active HRM server on port 45678
[2025-09-16T12:36:51.746Z] Performing system check...
[2025-09-16T12:36:51.748Z] Found active HRM server on port 45678
[2025-09-16T12:37:53.250Z] Performing system check...
[2025-09-16T12:37:53.252Z] Found active HRM server on port 45678
[2025-09-16T12:38:54.640Z] Performing system check...
[2025-09-16T12:38:54.642Z] Found active HRM server on port 45678
[2025-09-16T12:39:56.189Z] Performing system check...
[2025-09-16T12:39:56.192Z] Found active HRM server on port 45678
[2025-09-16T12:40:57.693Z] Performing system check...
[2025-09-16T12:40:57.695Z] Found active HRM server on port 45678
[2025-09-16T12:41:59.195Z] Performing system check...
[2025-09-16T12:41:59.198Z] Found active HRM server on port 45678
[2025-09-16T12:43:00.772Z] Performing system check...
[2025-09-16T12:43:00.774Z] Found active HRM server on port 45678
[2025-09-16T12:44:02.435Z] Performing system check...
[2025-09-16T12:44:02.437Z] Found active HRM server on port 45678
[2025-09-16T12:45:03.920Z] Performing system check...
[2025-09-16T12:45:03.924Z] Found active HRM server on port 45678
[2025-09-16T12:46:05.514Z] Performing system check...
[2025-09-16T12:46:05.516Z] Found active HRM server on port 45678
[2025-09-16T12:47:07.080Z] Performing system check...
[2025-09-16T12:47:07.083Z] Found active HRM server on port 45678
[2025-09-16T12:48:08.711Z] Performing system check...
[2025-09-16T12:48:08.713Z] Found active HRM server on port 45678
[2025-09-16T12:48:34.438Z] System Monitor shutting down (SIGINT)
