[2025-09-20T02:48:16.137Z] NexusCore initialized with ADMIN capabilities
[2025-09-20T02:48:16.138Z] NexusCore initialized. Version: 1.0.0, Admin: true
[2025-09-22T21:21:08.394Z] NexusCore initialized with ADMIN capabilities
[2025-09-22T21:21:08.396Z] NexusCore initialized. Version: 1.0.0, Admin: true
[2025-09-22T21:25:18.264Z] NexusCore initialized with ADMIN capabilities
[2025-09-22T21:25:18.266Z] NexusCore initialized. Version: 1.0.0, Admin: true
[2025-09-22T21:38:40.975Z] NexusCore initialized with ADMIN capabilities
[2025-09-22T21:38:40.976Z] NexusCore initialized. Version: 1.0.0, Admin: true
[2025-09-22T21:46:52.340Z] NexusCore initialized with ADMIN capabilities
[2025-09-22T21:46:52.342Z] NexusCore initialized. Version: 1.0.0, Admin: true
[2025-09-22T22:58:32.819Z] Processing request: {"operation":"createTestFile"}
[2025-09-22T22:58:32.824Z] Writing to file: D:\AIArm\Test\nexuscore_test_2025-09-22T22-58-32.820Z.txt
[2025-09-22T22:58:32.826Z] Successfully wrote to file: D:\AIArm\Test\nexuscore_test_2025-09-22T22-58-32.820Z.txt
[2025-09-22T22:59:08.985Z] Processing request: {"operation":"createTestFile"}
[2025-09-22T22:59:08.986Z] Writing to file: D:\AIArm\Test\nexuscore_test_2025-09-22T22-59-08.986Z.txt
[2025-09-22T22:59:08.988Z] Successfully wrote to file: D:\AIArm\Test\nexuscore_test_2025-09-22T22-59-08.986Z.txt
[2025-09-22T23:00:57.219Z] Processing request: {"operation":"createTestFile"}
[2025-09-22T23:00:57.220Z] Writing to file: D:\AIArm\Test\nexuscore_test_2025-09-22T23-00-57.220Z.txt
[2025-09-22T23:00:57.224Z] Successfully wrote to file: D:\AIArm\Test\nexuscore_test_2025-09-22T23-00-57.220Z.txt
[2025-09-23T00:05:27.456Z] NexusCore initialized with ADMIN capabilities
[2025-09-23T00:05:27.458Z] NexusCore initialized. Version: 1.0.0, Admin: true
[2025-09-23T00:16:28.918Z] NexusCore initialized with ADMIN capabilities
[2025-09-23T00:16:28.920Z] NexusCore initialized. Version: 1.0.0, Admin: true
[2025-09-24T00:53:26.026Z] NexusCore initialized with ADMIN capabilities
[2025-09-24T00:53:26.028Z] NexusCore initialized. Version: 1.0.0, Admin: true
