[2025-09-16 08:52:23] [ERROR] ALERT: System status check timed out
[2025-09-16 08:53:28] [ERROR] ALERT: System status check timed out
[2025-09-16 08:54:33] [ERROR] ALERT: System status check timed out
[2025-09-16 08:55:38] [ERROR] ALERT: System status check timed out
[2025-09-16 08:56:43] [ERROR] ALERT: System status check timed out
[2025-09-16 08:56:43] [CRITICAL] ALERT: System has failed 5 consecutive checks
[2025-09-16 08:56:43] [CRITICAL] Recommend restarting the HRM system
[2025-09-16 08:57:48] [ERROR] ALERT: System status check timed out
[2025-09-16 08:57:48] [CRITICAL] ALERT: System has failed 6 consecutive checks
[2025-09-16 08:57:48] [CRITICAL] Recommend restarting the HRM system
[2025-09-16 08:58:53] [ERROR] ALERT: System status check timed out
[2025-09-16 08:58:53] [CRITICAL] ALERT: System has failed 7 consecutive checks
[2025-09-16 08:58:53] [CRITICAL] Recommend restarting the HRM system
[2025-09-16 08:59:58] [ERROR] ALERT: System status check timed out
[2025-09-16 08:59:58] [CRITICAL] ALERT: System has failed 8 consecutive checks
[2025-09-16 08:59:58] [CRITICAL] Recommend restarting the HRM system
[2025-09-16 09:01:03] [ERROR] ALERT: System status check timed out
[2025-09-16 09:01:03] [CRITICAL] ALERT: System has failed 9 consecutive checks
[2025-09-16 09:01:03] [CRITICAL] Recommend restarting the HRM system
[2025-09-16 09:02:08] [ERROR] ALERT: System status check timed out
[2025-09-16 09:02:08] [CRITICAL] ALERT: System has failed 10 consecutive checks
[2025-09-16 09:02:08] [CRITICAL] Recommend restarting the HRM system
[2025-09-16 09:03:13] [ERROR] ALERT: System status check timed out
[2025-09-16 09:03:13] [CRITICAL] ALERT: System has failed 11 consecutive checks
[2025-09-16 09:03:13] [CRITICAL] Recommend restarting the HRM system
[2025-09-16 09:04:19] [ERROR] ALERT: System status check timed out
[2025-09-16 09:04:19] [CRITICAL] ALERT: System has failed 12 consecutive checks
[2025-09-16 09:04:19] [CRITICAL] Recommend restarting the HRM system
[2025-09-16 09:05:24] [ERROR] ALERT: System status check timed out
[2025-09-16 09:05:24] [CRITICAL] ALERT: System has failed 13 consecutive checks
[2025-09-16 09:05:24] [CRITICAL] Recommend restarting the HRM system
[2025-09-16 09:06:29] [ERROR] ALERT: System status check timed out
[2025-09-16 09:06:29] [CRITICAL] ALERT: System has failed 14 consecutive checks
[2025-09-16 09:06:29] [CRITICAL] Recommend restarting the HRM system
[2025-09-16 09:07:34] [ERROR] ALERT: System status check timed out
[2025-09-16 09:07:34] [CRITICAL] ALERT: System has failed 15 consecutive checks
[2025-09-16 09:07:34] [CRITICAL] Recommend restarting the HRM system
[2025-09-16 09:08:39] [ERROR] ALERT: System status check timed out
[2025-09-16 09:08:39] [CRITICAL] ALERT: System has failed 16 consecutive checks
[2025-09-16 09:08:39] [CRITICAL] Recommend restarting the HRM system
[2025-09-16 09:09:44] [ERROR] ALERT: System status check timed out
[2025-09-16 09:09:44] [CRITICAL] ALERT: System has failed 17 consecutive checks
[2025-09-16 09:09:44] [CRITICAL] Recommend restarting the HRM system
[2025-09-16 09:10:49] [ERROR] ALERT: System status check timed out
[2025-09-16 09:10:49] [CRITICAL] ALERT: System has failed 18 consecutive checks
[2025-09-16 09:10:49] [CRITICAL] Recommend restarting the HRM system
[2025-09-16 09:11:54] [ERROR] ALERT: System status check timed out
[2025-09-16 09:11:54] [CRITICAL] ALERT: System has failed 19 consecutive checks
[2025-09-16 09:11:54] [CRITICAL] Recommend restarting the HRM system
[2025-09-16 09:12:59] [ERROR] ALERT: System status check timed out
[2025-09-16 09:12:59] [CRITICAL] ALERT: System has failed 20 consecutive checks
[2025-09-16 09:12:59] [CRITICAL] Recommend restarting the HRM system
[2025-09-16 09:14:04] [ERROR] ALERT: System status check timed out
[2025-09-16 09:14:04] [CRITICAL] ALERT: System has failed 21 consecutive checks
[2025-09-16 09:14:04] [CRITICAL] Recommend restarting the HRM system
[2025-09-16 09:15:09] [ERROR] ALERT: System status check timed out
[2025-09-16 09:15:09] [CRITICAL] ALERT: System has failed 22 consecutive checks
[2025-09-16 09:15:09] [CRITICAL] Recommend restarting the HRM system
[2025-09-16 09:16:14] [ERROR] ALERT: System status check timed out
[2025-09-16 09:16:14] [CRITICAL] ALERT: System has failed 23 consecutive checks
[2025-09-16 09:16:14] [CRITICAL] Recommend restarting the HRM system
[2025-09-16 09:17:19] [ERROR] ALERT: System status check timed out
[2025-09-16 09:17:19] [CRITICAL] ALERT: System has failed 24 consecutive checks
[2025-09-16 09:17:19] [CRITICAL] Recommend restarting the HRM system
[2025-09-16 09:18:24] [ERROR] ALERT: System status check timed out
[2025-09-16 09:18:24] [CRITICAL] ALERT: System has failed 25 consecutive checks
[2025-09-16 09:18:24] [CRITICAL] Recommend restarting the HRM system
[2025-09-16 09:19:29] [ERROR] ALERT: System status check timed out
[2025-09-16 09:19:29] [CRITICAL] ALERT: System has failed 26 consecutive checks
[2025-09-16 09:19:29] [CRITICAL] Recommend restarting the HRM system
[2025-09-16 09:20:34] [ERROR] ALERT: System status check timed out
[2025-09-16 09:20:34] [CRITICAL] ALERT: System has failed 27 consecutive checks
[2025-09-16 09:20:34] [CRITICAL] Recommend restarting the HRM system
[2025-09-16 09:21:39] [ERROR] ALERT: System status check timed out
[2025-09-16 09:21:39] [CRITICAL] ALERT: System has failed 28 consecutive checks
[2025-09-16 09:21:39] [CRITICAL] Recommend restarting the HRM system
[2025-09-16 09:22:44] [ERROR] ALERT: System status check timed out
[2025-09-16 09:22:44] [CRITICAL] ALERT: System has failed 29 consecutive checks
[2025-09-16 09:22:44] [CRITICAL] Recommend restarting the HRM system
[2025-09-16 09:23:49] [ERROR] ALERT: System status check timed out
[2025-09-16 09:23:49] [CRITICAL] ALERT: System has failed 30 consecutive checks
[2025-09-16 09:23:49] [CRITICAL] Recommend restarting the HRM system
[2025-09-16 09:24:54] [ERROR] ALERT: System status check timed out
[2025-09-16 09:24:54] [CRITICAL] ALERT: System has failed 31 consecutive checks
[2025-09-16 09:24:54] [CRITICAL] Recommend restarting the HRM system
[2025-09-16 09:25:59] [ERROR] ALERT: System status check timed out
[2025-09-16 09:25:59] [CRITICAL] ALERT: System has failed 32 consecutive checks
[2025-09-16 09:25:59] [CRITICAL] Recommend restarting the HRM system
[2025-09-16 09:27:04] [ERROR] ALERT: System status check timed out
[2025-09-16 09:27:04] [CRITICAL] ALERT: System has failed 33 consecutive checks
[2025-09-16 09:27:04] [CRITICAL] Recommend restarting the HRM system
[2025-09-16 09:28:09] [ERROR] ALERT: System status check timed out
[2025-09-16 09:28:09] [CRITICAL] ALERT: System has failed 34 consecutive checks
[2025-09-16 09:28:09] [CRITICAL] Recommend restarting the HRM system
[2025-09-16 09:29:14] [ERROR] ALERT: System status check timed out
[2025-09-16 09:29:14] [CRITICAL] ALERT: System has failed 35 consecutive checks
[2025-09-16 09:29:14] [CRITICAL] Recommend restarting the HRM system
[2025-09-16 09:30:19] [ERROR] ALERT: System status check timed out
[2025-09-16 09:30:19] [CRITICAL] ALERT: System has failed 36 consecutive checks
[2025-09-16 09:30:19] [CRITICAL] Recommend restarting the HRM system
[2025-09-16 09:31:24] [ERROR] ALERT: System status check timed out
[2025-09-16 09:31:24] [CRITICAL] ALERT: System has failed 37 consecutive checks
[2025-09-16 09:31:24] [CRITICAL] Recommend restarting the HRM system
[2025-09-16 09:32:29] [ERROR] ALERT: System status check timed out
[2025-09-16 09:32:29] [CRITICAL] ALERT: System has failed 38 consecutive checks
[2025-09-16 09:32:29] [CRITICAL] Recommend restarting the HRM system
[2025-09-16 09:33:34] [ERROR] ALERT: System status check timed out
[2025-09-16 09:33:34] [CRITICAL] ALERT: System has failed 39 consecutive checks
[2025-09-16 09:33:34] [CRITICAL] Recommend restarting the HRM system
[2025-09-16 09:34:39] [ERROR] ALERT: System status check timed out
[2025-09-16 09:34:39] [CRITICAL] ALERT: System has failed 40 consecutive checks
[2025-09-16 09:34:39] [CRITICAL] Recommend restarting the HRM system
[2025-09-16 09:35:44] [ERROR] ALERT: System status check timed out
[2025-09-16 09:35:44] [CRITICAL] ALERT: System has failed 41 consecutive checks
[2025-09-16 09:35:44] [CRITICAL] Recommend restarting the HRM system
[2025-09-16 09:36:49] [ERROR] ALERT: System status check timed out
[2025-09-16 09:36:49] [CRITICAL] ALERT: System has failed 42 consecutive checks
[2025-09-16 09:36:49] [CRITICAL] Recommend restarting the HRM system
[2025-09-16 09:37:54] [ERROR] ALERT: System status check timed out
[2025-09-16 09:37:54] [CRITICAL] ALERT: System has failed 43 consecutive checks
[2025-09-16 09:37:54] [CRITICAL] Recommend restarting the HRM system
[2025-09-16 09:38:59] [ERROR] ALERT: System status check timed out
[2025-09-16 09:38:59] [CRITICAL] ALERT: System has failed 44 consecutive checks
[2025-09-16 09:38:59] [CRITICAL] Recommend restarting the HRM system
[2025-09-16 20:05:05] [ERROR] ALERT: System status check timed out
[2025-09-16 20:05:05] [CRITICAL] ALERT: System has failed 45 consecutive checks
[2025-09-16 20:05:05] [CRITICAL] Recommend restarting the HRM system
[2025-09-16 20:06:13] [ERROR] ALERT: System status check timed out
[2025-09-16 20:06:13] [CRITICAL] ALERT: System has failed 46 consecutive checks
[2025-09-16 20:06:13] [CRITICAL] Recommend restarting the HRM system
[2025-09-16 20:07:18] [ERROR] ALERT: System status check timed out
[2025-09-16 20:07:18] [CRITICAL] ALERT: System has failed 47 consecutive checks
[2025-09-16 20:07:18] [CRITICAL] Recommend restarting the HRM system
[2025-09-16 20:08:23] [ERROR] ALERT: System status check timed out
[2025-09-16 20:08:23] [CRITICAL] ALERT: System has failed 48 consecutive checks
[2025-09-16 20:08:23] [CRITICAL] Recommend restarting the HRM system
[2025-09-16 20:09:28] [ERROR] ALERT: System status check timed out
[2025-09-16 20:09:28] [CRITICAL] ALERT: System has failed 49 consecutive checks
[2025-09-16 20:09:28] [CRITICAL] Recommend restarting the HRM system
[2025-09-16 20:10:33] [ERROR] ALERT: System status check timed out
[2025-09-16 20:10:33] [CRITICAL] ALERT: System has failed 50 consecutive checks
[2025-09-16 20:10:33] [CRITICAL] Recommend restarting the HRM system
[2025-09-16 20:11:38] [ERROR] ALERT: System status check timed out
[2025-09-16 20:11:38] [CRITICAL] ALERT: System has failed 51 consecutive checks
[2025-09-16 20:11:38] [CRITICAL] Recommend restarting the HRM system
[2025-09-16 20:12:43] [ERROR] ALERT: System status check timed out
[2025-09-16 20:12:43] [CRITICAL] ALERT: System has failed 52 consecutive checks
[2025-09-16 20:12:43] [CRITICAL] Recommend restarting the HRM system
[2025-09-16 20:13:48] [ERROR] ALERT: System status check timed out
[2025-09-16 20:13:48] [CRITICAL] ALERT: System has failed 53 consecutive checks
[2025-09-16 20:13:48] [CRITICAL] Recommend restarting the HRM system
[2025-09-16 20:14:53] [ERROR] ALERT: System status check timed out
[2025-09-16 20:14:53] [CRITICAL] ALERT: System has failed 54 consecutive checks
[2025-09-16 20:14:53] [CRITICAL] Recommend restarting the HRM system
[2025-09-16 20:15:58] [ERROR] ALERT: System status check timed out
[2025-09-16 20:15:58] [CRITICAL] ALERT: System has failed 55 consecutive checks
[2025-09-16 20:15:58] [CRITICAL] Recommend restarting the HRM system
[2025-09-16 20:17:03] [ERROR] ALERT: System status check timed out
[2025-09-16 20:17:03] [CRITICAL] ALERT: System has failed 56 consecutive checks
[2025-09-16 20:17:03] [CRITICAL] Recommend restarting the HRM system
[2025-09-16 20:18:08] [ERROR] ALERT: System status check timed out
[2025-09-16 20:18:08] [CRITICAL] ALERT: System has failed 57 consecutive checks
[2025-09-16 20:18:08] [CRITICAL] Recommend restarting the HRM system
[2025-09-16 20:19:13] [ERROR] ALERT: System status check timed out
[2025-09-16 20:19:13] [CRITICAL] ALERT: System has failed 58 consecutive checks
[2025-09-16 20:19:13] [CRITICAL] Recommend restarting the HRM system
[2025-09-16 20:20:18] [ERROR] ALERT: System status check timed out
[2025-09-16 20:20:18] [CRITICAL] ALERT: System has failed 59 consecutive checks
[2025-09-16 20:20:18] [CRITICAL] Recommend restarting the HRM system
[2025-09-16 20:21:23] [ERROR] ALERT: System status check timed out
[2025-09-16 20:21:23] [CRITICAL] ALERT: System has failed 60 consecutive checks
[2025-09-16 20:21:23] [CRITICAL] Recommend restarting the HRM system
[2025-09-16 20:22:28] [ERROR] ALERT: System status check timed out
[2025-09-16 20:22:28] [CRITICAL] ALERT: System has failed 61 consecutive checks
[2025-09-16 20:22:28] [CRITICAL] Recommend restarting the HRM system
[2025-09-16 20:23:33] [ERROR] ALERT: System status check timed out
[2025-09-16 20:23:33] [CRITICAL] ALERT: System has failed 62 consecutive checks
[2025-09-16 20:23:33] [CRITICAL] Recommend restarting the HRM system
[2025-09-16 20:24:38] [ERROR] ALERT: System status check timed out
[2025-09-16 20:24:38] [CRITICAL] ALERT: System has failed 63 consecutive checks
[2025-09-16 20:24:38] [CRITICAL] Recommend restarting the HRM system
[2025-09-16 20:25:43] [ERROR] ALERT: System status check timed out
[2025-09-16 20:25:43] [CRITICAL] ALERT: System has failed 64 consecutive checks
[2025-09-16 20:25:43] [CRITICAL] Recommend restarting the HRM system
[2025-09-16 20:26:48] [ERROR] ALERT: System status check timed out
[2025-09-16 20:26:48] [CRITICAL] ALERT: System has failed 65 consecutive checks
[2025-09-16 20:26:48] [CRITICAL] Recommend restarting the HRM system
[2025-09-16 20:27:53] [ERROR] ALERT: System status check timed out
[2025-09-16 20:27:53] [CRITICAL] ALERT: System has failed 66 consecutive checks
[2025-09-16 20:27:53] [CRITICAL] Recommend restarting the HRM system
[2025-09-16 20:28:58] [ERROR] ALERT: System status check timed out
[2025-09-16 20:28:58] [CRITICAL] ALERT: System has failed 67 consecutive checks
[2025-09-16 20:28:58] [CRITICAL] Recommend restarting the HRM system
[2025-09-16 20:30:03] [ERROR] ALERT: System status check timed out
[2025-09-16 20:30:03] [CRITICAL] ALERT: System has failed 68 consecutive checks
[2025-09-16 20:30:03] [CRITICAL] Recommend restarting the HRM system
[2025-09-16 20:31:08] [ERROR] ALERT: System status check timed out
[2025-09-16 20:31:08] [CRITICAL] ALERT: System has failed 69 consecutive checks
[2025-09-16 20:31:08] [CRITICAL] Recommend restarting the HRM system
[2025-09-16 20:32:13] [ERROR] ALERT: System status check timed out
[2025-09-16 20:32:13] [CRITICAL] ALERT: System has failed 70 consecutive checks
[2025-09-16 20:32:13] [CRITICAL] Recommend restarting the HRM system
[2025-09-16 20:33:18] [ERROR] ALERT: System status check timed out
[2025-09-16 20:33:18] [CRITICAL] ALERT: System has failed 71 consecutive checks
[2025-09-16 20:33:18] [CRITICAL] Recommend restarting the HRM system
[2025-09-16 20:34:23] [ERROR] ALERT: System status check timed out
[2025-09-16 20:34:23] [CRITICAL] ALERT: System has failed 72 consecutive checks
[2025-09-16 20:34:23] [CRITICAL] Recommend restarting the HRM system
[2025-09-16 20:35:28] [ERROR] ALERT: System status check timed out
[2025-09-16 20:35:28] [CRITICAL] ALERT: System has failed 73 consecutive checks
[2025-09-16 20:35:28] [CRITICAL] Recommend restarting the HRM system
[2025-09-16 21:37:36] [ERROR] ALERT: Error checking system status: 'str' object has no attribute 'get'
[2025-09-16 21:38:37] [ERROR] ALERT: Error checking system status: 'str' object has no attribute 'get'
[2025-09-16 21:39:38] [ERROR] ALERT: Error checking system status: 'str' object has no attribute 'get'
[2025-09-16 21:40:38] [ERROR] ALERT: Error checking system status: 'str' object has no attribute 'get'
[2025-09-16 21:41:39] [ERROR] ALERT: Error checking system status: 'str' object has no attribute 'get'
[2025-09-16 21:41:39] [CRITICAL] ALERT: System has failed 5 consecutive checks
[2025-09-16 21:41:39] [CRITICAL] Recommend restarting the HRM system
[2025-09-16 21:42:40] [ERROR] ALERT: Error checking system status: 'str' object has no attribute 'get'
[2025-09-16 21:42:40] [CRITICAL] ALERT: System has failed 6 consecutive checks
[2025-09-16 21:42:40] [CRITICAL] Recommend restarting the HRM system
[2025-09-16 21:43:40] [ERROR] ALERT: Error checking system status: 'str' object has no attribute 'get'
[2025-09-16 21:43:40] [CRITICAL] ALERT: System has failed 7 consecutive checks
[2025-09-16 21:43:40] [CRITICAL] Recommend restarting the HRM system
[2025-09-16 21:44:41] [ERROR] ALERT: Error checking system status: 'str' object has no attribute 'get'
[2025-09-16 21:44:41] [CRITICAL] ALERT: System has failed 8 consecutive checks
[2025-09-16 21:44:41] [CRITICAL] Recommend restarting the HRM system
[2025-09-16 21:45:41] [ERROR] ALERT: Error checking system status: 'str' object has no attribute 'get'
[2025-09-16 21:45:41] [CRITICAL] ALERT: System has failed 9 consecutive checks
[2025-09-16 21:45:41] [CRITICAL] Recommend restarting the HRM system
[2025-09-16 21:46:42] [ERROR] ALERT: Error checking system status: 'str' object has no attribute 'get'
[2025-09-16 21:46:42] [CRITICAL] ALERT: System has failed 10 consecutive checks
[2025-09-16 21:46:42] [CRITICAL] Recommend restarting the HRM system
[2025-09-16 21:47:43] [ERROR] ALERT: Error checking system status: 'str' object has no attribute 'get'
[2025-09-16 21:47:43] [CRITICAL] ALERT: System has failed 11 consecutive checks
[2025-09-16 21:47:43] [CRITICAL] Recommend restarting the HRM system
[2025-09-16 21:48:43] [ERROR] ALERT: Error checking system status: 'str' object has no attribute 'get'
[2025-09-16 21:48:43] [CRITICAL] ALERT: System has failed 12 consecutive checks
[2025-09-16 21:48:43] [CRITICAL] Recommend restarting the HRM system
[2025-09-16 21:49:44] [ERROR] ALERT: Error checking system status: 'str' object has no attribute 'get'
[2025-09-16 21:49:44] [CRITICAL] ALERT: System has failed 13 consecutive checks
[2025-09-16 21:49:44] [CRITICAL] Recommend restarting the HRM system
[2025-09-16 21:50:45] [ERROR] ALERT: Error checking system status: 'str' object has no attribute 'get'
[2025-09-16 21:50:45] [CRITICAL] ALERT: System has failed 14 consecutive checks
[2025-09-16 21:50:45] [CRITICAL] Recommend restarting the HRM system
[2025-09-16 21:51:45] [ERROR] ALERT: Error checking system status: 'str' object has no attribute 'get'
[2025-09-16 21:51:45] [CRITICAL] ALERT: System has failed 15 consecutive checks
[2025-09-16 21:51:45] [CRITICAL] Recommend restarting the HRM system
[2025-09-16 21:52:46] [ERROR] ALERT: Error checking system status: 'str' object has no attribute 'get'
[2025-09-16 21:52:46] [CRITICAL] ALERT: System has failed 16 consecutive checks
[2025-09-16 21:52:46] [CRITICAL] Recommend restarting the HRM system
[2025-09-16 21:53:47] [ERROR] ALERT: Error checking system status: 'str' object has no attribute 'get'
[2025-09-16 21:53:47] [CRITICAL] ALERT: System has failed 17 consecutive checks
[2025-09-16 21:53:47] [CRITICAL] Recommend restarting the HRM system
[2025-09-16 21:54:47] [ERROR] ALERT: Error checking system status: 'str' object has no attribute 'get'
[2025-09-16 21:54:47] [CRITICAL] ALERT: System has failed 18 consecutive checks
[2025-09-16 21:54:47] [CRITICAL] Recommend restarting the HRM system
[2025-09-16 21:55:48] [ERROR] ALERT: Error checking system status: 'str' object has no attribute 'get'
[2025-09-16 21:55:48] [CRITICAL] ALERT: System has failed 19 consecutive checks
[2025-09-16 21:55:48] [CRITICAL] Recommend restarting the HRM system
[2025-09-16 21:56:48] [ERROR] ALERT: Error checking system status: 'str' object has no attribute 'get'
[2025-09-16 21:56:48] [CRITICAL] ALERT: System has failed 20 consecutive checks
[2025-09-16 21:56:48] [CRITICAL] Recommend restarting the HRM system
[2025-09-16 21:57:49] [ERROR] ALERT: Error checking system status: 'str' object has no attribute 'get'
[2025-09-16 21:57:49] [CRITICAL] ALERT: System has failed 21 consecutive checks
[2025-09-16 21:57:49] [CRITICAL] Recommend restarting the HRM system
[2025-09-16 21:58:50] [ERROR] ALERT: Error checking system status: 'str' object has no attribute 'get'
[2025-09-16 21:58:50] [CRITICAL] ALERT: System has failed 22 consecutive checks
[2025-09-16 21:58:50] [CRITICAL] Recommend restarting the HRM system
[2025-09-16 21:59:50] [ERROR] ALERT: Error checking system status: 'str' object has no attribute 'get'
[2025-09-16 21:59:50] [CRITICAL] ALERT: System has failed 23 consecutive checks
[2025-09-16 21:59:50] [CRITICAL] Recommend restarting the HRM system
[2025-09-16 22:00:55] [ERROR] ALERT: Could not connect to system
[2025-09-16 22:00:55] [CRITICAL] ALERT: System has failed 24 consecutive checks
[2025-09-16 22:00:55] [CRITICAL] Recommend restarting the HRM system
[2025-09-16 22:01:55] [ERROR] ALERT: Error checking system status: 'str' object has no attribute 'get'
[2025-09-16 22:01:55] [CRITICAL] ALERT: System has failed 25 consecutive checks
[2025-09-16 22:01:55] [CRITICAL] Recommend restarting the HRM system
[2025-09-16 22:02:56] [ERROR] ALERT: Error checking system status: 'str' object has no attribute 'get'
[2025-09-16 22:02:56] [CRITICAL] ALERT: System has failed 26 consecutive checks
[2025-09-16 22:02:56] [CRITICAL] Recommend restarting the HRM system
[2025-09-16 22:03:56] [ERROR] ALERT: Error checking system status: 'str' object has no attribute 'get'
[2025-09-16 22:03:56] [CRITICAL] ALERT: System has failed 27 consecutive checks
[2025-09-16 22:03:56] [CRITICAL] Recommend restarting the HRM system
[2025-09-16 22:04:57] [ERROR] ALERT: Error checking system status: 'str' object has no attribute 'get'
[2025-09-16 22:04:57] [CRITICAL] ALERT: System has failed 28 consecutive checks
[2025-09-16 22:04:57] [CRITICAL] Recommend restarting the HRM system
[2025-09-16 22:05:58] [ERROR] ALERT: Error checking system status: 'str' object has no attribute 'get'
[2025-09-16 22:05:58] [CRITICAL] ALERT: System has failed 29 consecutive checks
[2025-09-16 22:05:58] [CRITICAL] Recommend restarting the HRM system
[2025-09-16 22:06:58] [ERROR] ALERT: Error checking system status: 'str' object has no attribute 'get'
[2025-09-16 22:06:58] [CRITICAL] ALERT: System has failed 30 consecutive checks
[2025-09-16 22:06:58] [CRITICAL] Recommend restarting the HRM system
[2025-09-16 22:07:59] [ERROR] ALERT: Error checking system status: 'str' object has no attribute 'get'
[2025-09-16 22:07:59] [CRITICAL] ALERT: System has failed 31 consecutive checks
[2025-09-16 22:07:59] [CRITICAL] Recommend restarting the HRM system
[2025-09-16 22:08:59] [ERROR] ALERT: Error checking system status: 'str' object has no attribute 'get'
[2025-09-16 22:08:59] [CRITICAL] ALERT: System has failed 32 consecutive checks
[2025-09-16 22:08:59] [CRITICAL] Recommend restarting the HRM system
[2025-09-16 22:10:00] [ERROR] ALERT: Error checking system status: 'str' object has no attribute 'get'
[2025-09-16 22:10:00] [CRITICAL] ALERT: System has failed 33 consecutive checks
[2025-09-16 22:10:00] [CRITICAL] Recommend restarting the HRM system
[2025-09-16 22:11:00] [ERROR] ALERT: Error checking system status: 'str' object has no attribute 'get'
[2025-09-16 22:11:00] [CRITICAL] ALERT: System has failed 34 consecutive checks
[2025-09-16 22:11:00] [CRITICAL] Recommend restarting the HRM system
[2025-09-16 22:12:01] [ERROR] ALERT: Error checking system status: 'str' object has no attribute 'get'
[2025-09-16 22:12:01] [CRITICAL] ALERT: System has failed 35 consecutive checks
[2025-09-16 22:12:01] [CRITICAL] Recommend restarting the HRM system
[2025-09-16 22:13:02] [ERROR] ALERT: Error checking system status: 'str' object has no attribute 'get'
[2025-09-16 22:13:02] [CRITICAL] ALERT: System has failed 36 consecutive checks
[2025-09-16 22:13:02] [CRITICAL] Recommend restarting the HRM system
[2025-09-16 22:14:02] [ERROR] ALERT: Error checking system status: 'str' object has no attribute 'get'
[2025-09-16 22:14:02] [CRITICAL] ALERT: System has failed 37 consecutive checks
[2025-09-16 22:14:02] [CRITICAL] Recommend restarting the HRM system
[2025-09-16 22:15:03] [ERROR] ALERT: Error checking system status: 'str' object has no attribute 'get'
[2025-09-16 22:15:03] [CRITICAL] ALERT: System has failed 38 consecutive checks
[2025-09-16 22:15:03] [CRITICAL] Recommend restarting the HRM system
[2025-09-16 22:16:04] [ERROR] ALERT: Error checking system status: 'str' object has no attribute 'get'
[2025-09-16 22:16:04] [CRITICAL] ALERT: System has failed 39 consecutive checks
[2025-09-16 22:16:04] [CRITICAL] Recommend restarting the HRM system
[2025-09-16 22:17:04] [ERROR] ALERT: Error checking system status: 'str' object has no attribute 'get'
[2025-09-16 22:17:04] [CRITICAL] ALERT: System has failed 40 consecutive checks
[2025-09-16 22:17:04] [CRITICAL] Recommend restarting the HRM system
