[2025-09-17T01:43:31.532Z] [ERROR] [SURFACE] Failed to parse surface JSON response: Unexpected token 'L', "Loaded 12 "... is not valid JSON
[2025-09-17T01:43:37.228Z] [ERROR] [DEEP] Failed to parse deep JSON response: Unexpected token 'P', "Processing"... is not valid JSON
[2025-09-17T01:44:11.982Z] [ERROR] [SURFACE] Failed to parse surface JSON response: Unexpected token 'L', "Loaded 13 "... is not valid JSON
[2025-09-17T01:44:29.311Z] [ERROR] [DEEP] Failed to parse deep JSON response: Unexpected token 'P', "Processing"... is not valid JSON
[2025-09-17T01:45:02.896Z] [ERROR] [SURFACE] Failed to parse surface JSON response: Unexpected token 'L', "Loaded 14 "... is not valid JSON
[2025-09-17T01:45:10.700Z] [ERROR] [DEEP] Failed to parse deep JSON response: Unexpected token 'P', "Processing"... is not valid JSON
[2025-09-17T01:46:26.186Z] [ERROR] [SURFACE] Failed to parse surface JSON response: Unexpected token 'L', "Loaded 15 "... is not valid JSON
[2025-09-17T01:46:35.765Z] [ERROR] [DEEP] Failed to parse deep JSON response: Unexpected token 'E', "Error load"... is not valid JSON
[2025-09-17T01:47:37.154Z] [ERROR] [SURFACE] Failed to parse surface JSON response: Unexpected token 'L', "Loaded 16 "... is not valid JSON
[2025-09-17T01:47:54.192Z] [ERROR] [DEEP] Failed to parse deep JSON response: Unexpected token 'P', "Processing"... is not valid JSON
[2025-09-17T01:57:26.313Z] [ERROR] [SURFACE] Failed to parse surface JSON response: Unexpected token 'L', "Loaded 17 "... is not valid JSON
[2025-09-17T01:57:34.304Z] [ERROR] [DEEP] Failed to parse deep JSON response: Unexpected token 'P', "Processing"... is not valid JSON
[2025-09-17T01:58:27.046Z] [ERROR] [SURFACE] Failed to parse surface JSON response: Unexpected token 'L', "Loaded 18 "... is not valid JSON
[2025-09-17T01:58:34.645Z] [ERROR] [DEEP] Failed to parse deep JSON response: Unexpected token 'P', "Processing"... is not valid JSON
[2025-09-17T01:58:58.846Z] [ERROR] [SURFACE] Failed to parse surface JSON response: Unexpected token 'L', "Loaded 19 "... is not valid JSON
[2025-09-17T01:59:15.452Z] [ERROR] [DEEP] Failed to parse deep JSON response: Unexpected token 'P', "Processing"... is not valid JSON
[2025-09-17T01:59:57.745Z] [ERROR] [SURFACE] Failed to parse surface JSON response: Unexpected token 'L', "Loaded 20 "... is not valid JSON
[2025-09-17T02:00:11.672Z] [ERROR] [DEEP] Failed to parse deep JSON response: Unexpected token 'P', "Processing"... is not valid JSON
[2025-09-17T02:00:11.672Z] [ERROR] Error in concurrent processing: Assignment to constant variable.
[2025-09-17T02:00:11.673Z] [ERROR] [CONCURRENT] concurrent bridge error: Assignment to constant variable. (Input: "no and you are frustrating me. this is the whole c...")
[2025-09-17T02:01:42.880Z] [ERROR] [SURFACE] Failed to parse surface JSON response: Unexpected token 'L', "Loaded 21 "... is not valid JSON
[2025-09-17T02:02:00.250Z] [ERROR] [DEEP] Failed to parse deep JSON response: Unexpected token 'P', "Processing"... is not valid JSON
[2025-09-17T02:02:00.250Z] [ERROR] Error in concurrent processing: Assignment to constant variable.
[2025-09-17T02:02:00.250Z] [ERROR] [CONCURRENT] concurrent bridge error: Assignment to constant variable. (Input: "please review. 
Nexus AI System
Nexus is now ready...")
[2025-09-17T02:26:12.295Z] [CRITICAL] Uncaught exception: listen EADDRINUSE: address already in use :::45678
[2025-09-17T02:26:12.296Z] [CRITICAL] Performing graceful shutdown due to uncaught exception
[2025-09-17T02:45:19.246Z] [CRITICAL] Uncaught exception: listen EADDRINUSE: address already in use :::45678
[2025-09-17T02:45:19.247Z] [CRITICAL] Performing graceful shutdown due to uncaught exception
[2025-09-17T03:13:33.903Z] [ERROR] [SURFACE] Failed to parse surface JSON response: Unexpected token 'L', "Loaded 26 "... is not valid JSON
[2025-09-17T03:13:46.161Z] [ERROR] [DEEP] Failed to parse deep JSON response: Unexpected token 'P', "Processing"... is not valid JSON
[2025-09-17T03:14:07.343Z] [ERROR] [SURFACE] Failed to parse surface JSON response: Unexpected token 'L', "Loaded 27 "... is not valid JSON
[2025-09-17T03:14:17.354Z] [ERROR] [DEEP] Failed to parse deep JSON response: Unexpected token 'P', "Processing"... is not valid JSON
[2025-09-17T03:15:27.061Z] [ERROR] [SURFACE] Failed to parse surface JSON response: Unexpected token 'L', "Loaded 28 "... is not valid JSON
[2025-09-17T03:15:42.766Z] [ERROR] [DEEP] Failed to parse deep JSON response: Unexpected token 'P', "Processing"... is not valid JSON
[2025-09-17T03:16:36.868Z] [ERROR] [SURFACE] Failed to parse surface JSON response: Unexpected token 'L', "Loaded 29 "... is not valid JSON
[2025-09-17T03:16:51.324Z] [ERROR] [DEEP] Failed to parse deep JSON response: Unexpected token 'P', "Processing"... is not valid JSON
[2025-09-17T03:18:06.147Z] [ERROR] [SURFACE] Failed to parse surface JSON response: Unexpected token 'L', "Loaded 30 "... is not valid JSON
[2025-09-17T03:18:19.696Z] [ERROR] [DEEP] Failed to parse deep JSON response: Unexpected token 'P', "Processing"... is not valid JSON
[2025-09-17T03:19:33.262Z] [ERROR] [SURFACE] Failed to parse surface JSON response: Unexpected token 'L', "Loaded 32 "... is not valid JSON
[2025-09-17T03:19:44.359Z] [ERROR] [DEEP] Failed to parse deep JSON response: Unexpected token 'P', "Processing"... is not valid JSON
[2025-09-17T03:21:05.215Z] [ERROR] [SURFACE] Failed to parse surface JSON response: Unexpected token 'L', "Loaded 33 "... is not valid JSON
[2025-09-17T03:21:14.318Z] [ERROR] [DEEP] Failed to parse deep JSON response: Unexpected token 'P', "Processing"... is not valid JSON
[2025-09-17T04:01:24.954Z] [ERROR] [SURFACE] Failed to parse surface JSON response: Unexpected token 'L', "Loaded 34 "... is not valid JSON
[2025-09-17T04:01:49.400Z] [ERROR] [DEEP] Failed to parse deep JSON response: Unexpected token 'E', "Error load"... is not valid JSON
[2025-09-17T04:02:31.142Z] [ERROR] [SURFACE] Failed to parse surface JSON response: Unexpected token 'L', "Loaded 35 "... is not valid JSON
[2025-09-17T04:02:38.682Z] [ERROR] [DEEP] Failed to parse deep JSON response: Unexpected token 'P', "Processing"... is not valid JSON
[2025-09-17T04:02:59.332Z] [ERROR] [SURFACE] Failed to parse surface JSON response: Unexpected token 'L', "Loaded 36 "... is not valid JSON
[2025-09-17T04:03:22.834Z] [ERROR] [DEEP] Failed to parse deep JSON response: Unexpected token 'P', "Processing"... is not valid JSON
[2025-09-17T04:04:13.400Z] [ERROR] [SURFACE] Failed to parse surface JSON response: Unexpected token 'L', "Loaded 37 "... is not valid JSON
[2025-09-17T04:04:25.836Z] [ERROR] [DEEP] Failed to parse deep JSON response: Unexpected token 'P', "Processing"... is not valid JSON
[2025-09-17T20:19:22.719Z] [ERROR] [DEEP] Failed to parse deep JSON response: Unexpected token 'P', "Processing"... is not valid JSON
[2025-09-17T20:19:44.246Z] [ERROR] [SURFACE] Failed to parse surface JSON response: Unexpected token 'L', "Loaded 38 "... is not valid JSON
[2025-09-17T20:20:33.284Z] [ERROR] [DEEP] Failed to parse deep JSON response: Unexpected token 'P', "Processing"... is not valid JSON
[2025-09-17T20:25:05.050Z] [CRITICAL] Uncaught exception: listen EADDRINUSE: address already in use :::45678
[2025-09-17T20:25:05.051Z] [CRITICAL] Performing graceful shutdown due to uncaught exception
[2025-09-17T20:26:50.878Z] [ERROR] [DEEP] Failed to parse deep JSON response: Unexpected token 'P', "Processing"... is not valid JSON
[2025-09-17T20:29:54.321Z] [ERROR] [SURFACE] Failed to parse surface JSON response: Unexpected token 'L', "Loaded 39 "... is not valid JSON
[2025-09-17T20:31:54.337Z] [ERROR] [DEEP] Deep bridge error output: 
[2025-09-17T20:32:07.559Z] [ERROR] [SURFACE] Failed to parse surface JSON response: Unexpected token 'L', "Loaded 40 "... is not valid JSON
[2025-09-17T20:33:52.678Z] [ERROR] [DEEP] Failed to parse deep JSON response: Unexpected token 'P', "Processing"... is not valid JSON
[2025-09-17T20:34:10.190Z] [ERROR] [SURFACE] Failed to parse surface JSON response: Unexpected token 'L', "Loaded 41 "... is not valid JSON
[2025-09-17T20:35:02.899Z] [ERROR] [DEEP] Failed to parse deep JSON response: Unexpected token 'E', "Error load"... is not valid JSON
[2025-09-17T20:45:02.432Z] [ERROR] [SURFACE] Failed to parse surface JSON response: Unexpected token 'L', "Loaded 42 "... is not valid JSON
[2025-09-17T20:46:35.940Z] [ERROR] [DEEP] Failed to parse deep JSON response: Unexpected token 'P', "Processing"... is not valid JSON
